<?xml version="1.0" encoding="UTF-8"?>
<testsuite xmlns:xsi="http://www.w3.org/2001/XMLSchema-instance" xsi:noNamespaceSchemaLocation="https://maven.apache.org/surefire/maven-surefire-plugin/xsd/surefire-test-report.xsd" version="3.0.2" name="com.url.shortener.UrlShortenerSbApplicationTests" time="15.823" tests="1" errors="0" skipped="0" failures="0">
  <properties>
[...]
</properties>
  <testcase name="contextLoads" classname="com.url.shortener.UrlShortenerSbApplicationTests" time="0.426">
    <system-out><![CDATA[10:51:59.600 [main] INFO org.springframework.test.context.support.AnnotationConfigContextLoaderUtils -- Could not detect default configuration classes for test class [com.url.shortener.UrlShortenerSbApplicationTests]: UrlShortenerSbApplicationTests does not declare any static, non-private, non-final, nested classes annotated with @Configuration.
10:51:59.701 [main] INFO org.springframework.boot.test.context.SpringBootTestContextBootstrapper -- Found @SpringBootConfiguration com.url.shortener.UrlShortenerSbApplication for test class com.url.shortener.UrlShortenerSbApplicationTests

  .   ____          _            __ _ _
 /\\ / ___'_ __ _ _(_)_ __  __ _ \ \ \ \
( ( )\___ | '_ | '_| | '_ \/ _` | \ \ \ \
 \\/  ___)| |_)| | | | | || (_| |  ) ) ) )
  '  |____| .__|_| |_|_| |_\__, | / / / /
 =========|_|==============|___/=/_/_/_/

 :: Spring Boot ::                (v3.4.0)

2026-04-09T10:52:00.113+05:30  INFO 29200 --- [url-shortener-sb] [           main] c.u.s.UrlShortenerSbApplicationTests     : Starting UrlShortenerSbApplicationTests using Java 21.0.6 with PID 29200 (started by Parth in D:\url-shortener-project-main\url-shortener-project-main\url-shortener-sb)
2026-04-09T10:52:00.115+05:30  INFO 29200 --- [url-shortener-sb] [           main] c.u.s.UrlShortenerSbApplicationTests     : The following 1 profile is active: "prod"
2026-04-09T10:52:00.115+05:30 DEBUG 29200 --- [url-shortener-sb] [           main] o.s.boot.SpringApplication               : Loading source class com.url.shortener.UrlShortenerSbApplication
2026-04-09T10:52:00.151+05:30 DEBUG 29200 --- [url-shortener-sb] [           main] o.s.w.c.s.GenericWebApplicationContext   : Refreshing org.springframework.web.context.support.GenericWebApplicationContext@25243bc1
2026-04-09T10:52:00.172+05:30 DEBUG 29200 --- [url-shortener-sb] [           main] o.s.b.f.s.DefaultListableBeanFactory     : Creating shared instance of singleton bean 'org.springframework.context.annotation.internalConfigurationAnnotationProcessor'
2026-04-09T10:52:00.186+05:30 DEBUG 29200 --- [url-shortener-sb] [           main] o.s.b.f.s.DefaultListableBeanFactory     : Creating shared instance of singleton bean 'org.springframework.boot.autoconfigure.internalCachingMetadataReaderFactory'
2026-04-09T10:52:00.230+05:30 DEBUG 29200 --- [url-shortener-sb] [           main] o.s.c.a.ClassPathBeanDefinitionScanner   : Identified candidate component class: file [D:\url-shortener-project-main\url-shortener-project-main\url-shortener-sb\target\classes\com\url\shortener\controller\AuthController.class]
2026-04-09T10:52:00.232+05:30 DEBUG 29200 --- [url-shortener-sb] [           main] o.s.c.a.ClassPathBeanDefinitionScanner   : Identified candidate component class: file [D:\url-shortener-project-main\url-shortener-project-main\url-shortener-sb\target\classes\com\url\shortener\controller\RedirectController.class]
2026-04-09T10:52:00.233+05:30 DEBUG 29200 --- [url-shortener-sb] [           main] o.s.c.a.ClassPathBeanDefinitionScanner   : Identified candidate component class: file [D:\url-shortener-project-main\url-shortener-project-main\url-shortener-sb\target\classes\com\url\shortener\controller\UrlMappingController.class]
2026-04-09T10:52:00.238+05:30 DEBUG 29200 --- [url-shortener-sb] [           main] o.s.c.a.ClassPathBeanDefinitionScanner   : Ignored because not a concrete top-level class: file [D:\url-shortener-project-main\url-shortener-project-main\url-shortener-sb\target\classes\com\url\shortener\repository\ClickEventRepository.class]
2026-04-09T10:52:00.239+05:30 DEBUG 29200 --- [url-shortener-sb] [           main] o.s.c.a.ClassPathBeanDefinitionScanner   : Ignored because not a concrete top-level class: file [D:\url-shortener-project-main\url-shortener-project-main\url-shortener-sb\target\classes\com\url\shortener\repository\UrlMappingRepository.class]
2026-04-09T10:52:00.240+05:30 DEBUG 29200 --- [url-shortener-sb] [           main] o.s.c.a.ClassPathBeanDefinitionScanner   : Ignored because not a concrete top-level class: file [D:\url-shortener-project-main\url-shortener-project-main\url-shortener-sb\target\classes\com\url\shortener\repository\UserRepository.class]
2026-04-09T10:52:00.240+05:30 DEBUG 29200 --- [url-shortener-sb] [           main] o.s.c.a.ClassPathBeanDefinitionScanner   : Identified candidate component class: file [D:\url-shortener-project-main\url-shortener-project-main\url-shortener-sb\target\classes\com\url\shortener\security\jwt\JwtAuthenticationFilter.class]
2026-04-09T10:52:00.241+05:30 DEBUG 29200 --- [url-shortener-sb] [           main] o.s.c.a.ClassPathBeanDefinitionScanner   : Identified candidate component class: file [D:\url-shortener-project-main\url-shortener-project-main\url-shortener-sb\target\classes\com\url\shortener\security\jwt\JwtUtils.class]
2026-04-09T10:52:00.243+05:30 DEBUG 29200 --- [url-shortener-sb] [           main] o.s.c.a.ClassPathBeanDefinitionScanner   : Identified candidate component class: file [D:\url-shortener-project-main\url-shortener-project-main\url-shortener-sb\target\classes\com\url\shortener\security\WebConfig.class]
2026-04-09T10:52:00.251+05:30 DEBUG 29200 --- [url-shortener-sb] [           main] o.s.c.a.ClassPathBeanDefinitionScanner   : Identified candidate component class: file [D:\url-shortener-project-main\url-shortener-project-main\url-shortener-sb\target\classes\com\url\shortener\security\WebSecurityConfig.class]
2026-04-09T10:52:00.253+05:30 DEBUG 29200 --- [url-shortener-sb] [           main] o.s.c.a.ClassPathBeanDefinitionScanner   : Identified candidate component class: file [D:\url-shortener-project-main\url-shortener-project-main\url-shortener-sb\target\classes\com\url\shortener\service\UrlMappingService.class]
2026-04-09T10:52:00.256+05:30 DEBUG 29200 --- [url-shortener-sb] [           main] o.s.c.a.ClassPathBeanDefinitionScanner   : Identified candidate component class: file [D:\url-shortener-project-main\url-shortener-project-main\url-shortener-sb\target\classes\com\url\shortener\service\UserDetailsServiceImpl.class]
2026-04-09T10:52:00.256+05:30 DEBUG 29200 --- [url-shortener-sb] [           main] o.s.c.a.ClassPathBeanDefinitionScanner   : Identified candidate component class: file [D:\url-shortener-project-main\url-shortener-project-main\url-shortener-sb\target\classes\com\url\shortener\service\UserService.class]
2026-04-09T10:52:00.827+05:30  INFO 29200 --- [url-shortener-sb] [           main] .s.d.r.c.RepositoryConfigurationDelegate : Bootstrapping Spring Data JPA repositories in DEFAULT mode.
2026-04-09T10:52:00.836+05:30 DEBUG 29200 --- [url-shortener-sb] [           main] o.s.b.f.s.DefaultListableBeanFactory     : Creating shared instance of singleton bean 'org.springframework.boot.autoconfigure.AutoConfigurationPackages'
2026-04-09T10:52:00.846+05:30 DEBUG 29200 --- [url-shortener-sb] [           main] o.s.b.a.AutoConfigurationPackages        : @EnableAutoConfiguration was declared on a class in the package 'com.url.shortener'. Automatic @Repository and @Entity scanning is enabled.
2026-04-09T10:52:00.848+05:30 DEBUG 29200 --- [url-shortener-sb] [           main] .s.d.r.c.RepositoryConfigurationDelegate : Scanning for JPA repositories in packages com.url.shortener.
2026-04-09T10:52:00.859+05:30 DEBUG 29200 --- [url-shortener-sb] [           main] o.s.d.r.c.RepositoryComponentProvider    : Identified candidate component class: file [D:\url-shortener-project-main\url-shortener-project-main\url-shortener-sb\target\classes\com\url\shortener\repository\ClickEventRepository.class]
2026-04-09T10:52:00.859+05:30 DEBUG 29200 --- [url-shortener-sb] [           main] o.s.d.r.c.RepositoryComponentProvider    : Identified candidate component class: file [D:\url-shortener-project-main\url-shortener-project-main\url-shortener-sb\target\classes\com\url\shortener\repository\UrlMappingRepository.class]
2026-04-09T10:52:00.859+05:30 DEBUG 29200 --- [url-shortener-sb] [           main] o.s.d.r.c.RepositoryComponentProvider    : Identified candidate component class: file [D:\url-shortener-project-main\url-shortener-project-main\url-shortener-sb\target\classes\com\url\shortener\repository\UserRepository.class]
2026-04-09T10:52:00.886+05:30 DEBUG 29200 --- [url-shortener-sb] [           main] ssPathScanningCandidateComponentProvider : Identified candidate component class: file [D:\url-shortener-project-main\url-shortener-project-main\url-shortener-sb\target\classes\com\url\shortener\service\UserDetailsImpl.class]
2026-04-09T10:52:00.887+05:30 DEBUG 29200 --- [url-shortener-sb] [           main] ssPathScanningCandidateComponentProvider : Identified candidate component class: file [D:\url-shortener-project-main\url-shortener-project-main\url-shortener-sb\target\classes\com\url\shortener\service\UserDetailsServiceImpl.class]
2026-04-09T10:52:00.900+05:30  INFO 29200 --- [url-shortener-sb] [           main] .s.d.r.c.RepositoryConfigurationDelegate : Finished Spring Data repository scanning in 51 ms. Found 3 JPA repository interfaces.
2026-04-09T10:52:00.989+05:30 DEBUG 29200 --- [url-shortener-sb] [           main] o.s.b.f.s.DefaultListableBeanFactory     : Creating shared instance of singleton bean 'springSecurityHandlerMappingIntrospectorBeanDefinitionRegistryPostProcessor'
2026-04-09T10:52:01.079+05:30 DEBUG 29200 --- [url-shortener-sb] [           main] o.s.b.f.s.DefaultListableBeanFactory     : Creating shared instance of singleton bean 'propertySourcesPlaceholderConfigurer'
2026-04-09T10:52:01.083+05:30 DEBUG 29200 --- [url-shortener-sb] [           main] o.s.b.f.s.DefaultListableBeanFactory     : Creating shared instance of singleton bean 'org.springframework.boot.test.mock.mockito.MockitoPostProcessor'
2026-04-09T10:52:01.084+05:30 DEBUG 29200 --- [url-shortener-sb] [           main] o.s.b.f.s.DefaultListableBeanFactory     : Creating shared instance of singleton bean 'emBeanDefinitionRegistrarPostProcessor'
2026-04-09T10:52:01.085+05:30 DEBUG 29200 --- [url-shortener-sb] [           main] o.s.b.f.s.DefaultListableBeanFactory     : Creating shared instance of singleton bean 'org.springframework.boot.sql.init.dependency.DatabaseInitializationDependencyConfigurer$DependsOnDatabaseInitializationPostProcessor'
2026-04-09T10:52:01.125+05:30 DEBUG 29200 --- [url-shortener-sb] [           main] o.s.b.f.s.DefaultListableBeanFactory     : Creating shared instance of singleton bean 'org.springframework.context.event.internalEventListenerProcessor'
2026-04-09T10:52:01.127+05:30 DEBUG 29200 --- [url-shortener-sb] [           main] o.s.b.f.s.DefaultListableBeanFactory     : Creating shared instance of singleton bean 'conversionServicePostProcessor'
2026-04-09T10:52:01.138+05:30 DEBUG 29200 --- [url-shortener-sb] [           main] o.s.b.f.s.DefaultListableBeanFactory     : Creating shared instance of singleton bean 'preserveErrorControllerTargetClassPostProcessor'
2026-04-09T10:52:01.138+05:30 DEBUG 29200 --- [url-shortener-sb] [           main] o.s.b.f.s.DefaultListableBeanFactory     : Creating shared instance of singleton bean 'org.springframework.context.event.internalEventListenerFactory'
2026-04-09T10:52:01.138+05:30 DEBUG 29200 --- [url-shortener-sb] [           main] o.s.b.f.s.DefaultListableBeanFactory     : Creating shared instance of singleton bean 'org.springframework.transaction.config.internalTransactionalEventListenerFactory'
2026-04-09T10:52:01.142+05:30 DEBUG 29200 --- [url-shortener-sb] [           main] o.s.b.f.s.DefaultListableBeanFactory     : Creating shared instance of singleton bean 'org.springframework.boot.test.mock.mockito.MockitoPostProcessor$SpyPostProcessor'
2026-04-09T10:52:01.143+05:30 DEBUG 29200 --- [url-shortener-sb] [           main] o.s.b.f.s.DefaultListableBeanFactory     : Creating shared instance of singleton bean 'org.springframework.context.annotation.internalAutowiredAnnotationProcessor'
2026-04-09T10:52:01.145+05:30 DEBUG 29200 --- [url-shortener-sb] [           main] o.s.b.f.s.DefaultListableBeanFactory     : Creating shared instance of singleton bean 'org.springframework.context.annotation.internalCommonAnnotationProcessor'
2026-04-09T10:52:01.148+05:30 DEBUG 29200 --- [url-shortener-sb] [           main] o.s.b.f.s.DefaultListableBeanFactory     : Creating shared instance of singleton bean 'org.springframework.context.annotation.internalPersistenceAnnotationProcessor'
2026-04-09T10:52:01.148+05:30 DEBUG 29200 --- [url-shortener-sb] [           main] o.s.b.f.s.DefaultListableBeanFactory     : Creating shared instance of singleton bean 'org.springframework.boot.context.properties.ConfigurationPropertiesBindingPostProcessor'
2026-04-09T10:52:01.148+05:30 DEBUG 29200 --- [url-shortener-sb] [           main] o.s.b.f.s.DefaultListableBeanFactory     : Creating shared instance of singleton bean 'org.springframework.boot.context.internalConfigurationPropertiesBinder'
2026-04-09T10:52:01.151+05:30 DEBUG 29200 --- [url-shortener-sb] [           main] o.s.b.f.s.DefaultListableBeanFactory     : Creating shared instance of singleton bean 'jdbcConnectionDetailsHikariBeanPostProcessor'
2026-04-09T10:52:01.155+05:30 DEBUG 29200 --- [url-shortener-sb] [           main] o.s.b.f.s.DefaultListableBeanFactory     : Creating shared instance of singleton bean 'org.springframework.aop.config.internalAutoProxyCreator'
2026-04-09T10:52:01.177+05:30 DEBUG 29200 --- [url-shortener-sb] [           main] o.s.b.f.s.DefaultListableBeanFactory     : Creating shared instance of singleton bean 'persistenceExceptionTranslationPostProcessor'
2026-04-09T10:52:01.178+05:30 DEBUG 29200 --- [url-shortener-sb] [           main] o.s.b.f.s.DefaultListableBeanFactory     : Autowiring by type from bean name 'persistenceExceptionTranslationPostProcessor' via factory method to bean named 'environment'
2026-04-09T10:52:01.183+05:30 DEBUG 29200 --- [url-shortener-sb] [           main] o.s.b.f.s.DefaultListableBeanFactory     : Creating shared instance of singleton bean 'webServerFactoryCustomizerBeanPostProcessor'
2026-04-09T10:52:01.184+05:30 DEBUG 29200 --- [url-shortener-sb] [           main] o.s.b.f.s.DefaultListableBeanFactory     : Creating shared instance of singleton bean 'errorPageRegistrarBeanPostProcessor'
2026-04-09T10:52:01.185+05:30 DEBUG 29200 --- [url-shortener-sb] [           main] o.s.b.f.s.DefaultListableBeanFactory     : Creating shared instance of singleton bean 'projectingArgumentResolverBeanPostProcessor'
2026-04-09T10:52:01.186+05:30 DEBUG 29200 --- [url-shortener-sb] [           main] o.s.b.f.s.DefaultListableBeanFactory     : Creating shared instance of singleton bean 'preFilterAuthorizationAdvisor'
2026-04-09T10:52:01.187+05:30 DEBUG 29200 --- [url-shortener-sb] [           main] o.s.b.f.s.DefaultListableBeanFactory     : Creating shared instance of singleton bean 'preFilterAuthorizationMethodInterceptor'
2026-04-09T10:52:01.204+05:30 DEBUG 29200 --- [url-shortener-sb] [           main] o.s.b.f.s.DefaultListableBeanFactory     : Creating shared instance of singleton bean 'preAuthorizeAuthorizationAdvisor'
2026-04-09T10:52:01.204+05:30 DEBUG 29200 --- [url-shortener-sb] [           main] o.s.b.f.s.DefaultListableBeanFactory     : Creating shared instance of singleton bean 'preAuthorizeAuthorizationMethodInterceptor'
2026-04-09T10:52:01.205+05:30 DEBUG 29200 --- [url-shortener-sb] [           main] o.s.b.f.s.DefaultListableBeanFactory     : Creating shared instance of singleton bean 'postFilterAuthorizationAdvisor'
2026-04-09T10:52:01.205+05:30 DEBUG 29200 --- [url-shortener-sb] [           main] o.s.b.f.s.DefaultListableBeanFactory     : Creating shared instance of singleton bean 'postFilterAuthorizationMethodInterceptor'
2026-04-09T10:52:01.206+05:30 DEBUG 29200 --- [url-shortener-sb] [           main] o.s.b.f.s.DefaultListableBeanFactory     : Creating shared instance of singleton bean 'postAuthorizeAuthorizationAdvisor'
2026-04-09T10:52:01.206+05:30 DEBUG 29200 --- [url-shortener-sb] [           main] o.s.b.f.s.DefaultListableBeanFactory     : Creating shared instance of singleton bean 'postAuthorizeAuthorizationMethodInterceptor'
2026-04-09T10:52:01.207+05:30 DEBUG 29200 --- [url-shortener-sb] [           main] o.s.b.f.s.DefaultListableBeanFactory     : Creating shared instance of singleton bean 'authorizeReturnObjectAdvisor'
2026-04-09T10:52:01.207+05:30 DEBUG 29200 --- [url-shortener-sb] [           main] o.s.b.f.s.DefaultListableBeanFactory     : Creating shared instance of singleton bean 'authorizeReturnObjectMethodInterceptor'
2026-04-09T10:52:01.208+05:30 DEBUG 29200 --- [url-shortener-sb] [           main] o.s.b.f.s.DefaultListableBeanFactory     : Creating shared instance of singleton bean 'authorizationProxyFactory'
2026-04-09T10:52:01.211+05:30 DEBUG 29200 --- [url-shortener-sb] [           main] o.s.b.f.s.DefaultListableBeanFactory     : Creating shared instance of singleton bean 'org.springframework.transaction.config.internalTransactionAdvisor'
2026-04-09T10:52:01.211+05:30 DEBUG 29200 --- [url-shortener-sb] [           main] o.s.b.f.s.DefaultListableBeanFactory     : Creating shared instance of singleton bean 'org.springframework.transaction.annotation.ProxyTransactionManagementConfiguration'
2026-04-09T10:52:01.237+05:30 DEBUG 29200 --- [url-shortener-sb] [           main] o.s.b.f.s.DefaultListableBeanFactory     : Creating shared instance of singleton bean 'transactionAttributeSource'
2026-04-09T10:52:01.240+05:30 DEBUG 29200 --- [url-shortener-sb] [           main] o.s.b.f.s.DefaultListableBeanFactory     : Creating shared instance of singleton bean 'transactionInterceptor'
2026-04-09T10:52:01.240+05:30 DEBUG 29200 --- [url-shortener-sb] [           main] o.s.b.f.s.DefaultListableBeanFactory     : Autowiring by type from bean name 'transactionInterceptor' via factory method to bean named 'transactionAttributeSource'
2026-04-09T10:52:01.245+05:30 DEBUG 29200 --- [url-shortener-sb] [           main] o.s.b.f.s.DefaultListableBeanFactory     : Autowiring by type from bean name 'org.springframework.transaction.config.internalTransactionAdvisor' via factory method to bean named 'transactionAttributeSource'
2026-04-09T10:52:01.245+05:30 DEBUG 29200 --- [url-shortener-sb] [           main] o.s.b.f.s.DefaultListableBeanFactory     : Autowiring by type from bean name 'org.springframework.transaction.config.internalTransactionAdvisor' via factory method to bean named 'transactionInterceptor'
2026-04-09T10:52:01.249+05:30 DEBUG 29200 --- [url-shortener-sb] [           main] o.s.b.f.s.DefaultListableBeanFactory     : Autowiring by type from bean name 'authorizeReturnObjectMethodInterceptor' via factory method to bean named 'authorizationProxyFactory'
2026-04-09T10:52:01.268+05:30 DEBUG 29200 --- [url-shortener-sb] [           main] o.s.u.c.s.UiApplicationContextUtils      : Unable to locate ThemeSource with name 'themeSource': using default [org.springframework.ui.context.support.ResourceBundleThemeSource@67bd351e]
2026-04-09T10:52:01.268+05:30 DEBUG 29200 --- [url-shortener-sb] [           main] o.s.b.f.s.DefaultListableBeanFactory     : Creating shared instance of singleton bean 'org.springframework.test.context.support.internalDynamicPropertyRegistrarBeanInitializer'
2026-04-09T10:52:01.271+05:30 DEBUG 29200 --- [url-shortener-sb] [           main] o.s.b.f.s.DefaultListableBeanFactory     : Creating shared instance of singleton bean 'dataSourceScriptDatabaseInitializer'
2026-04-09T10:52:01.271+05:30 DEBUG 29200 --- [url-shortener-sb] [           main] o.s.b.f.s.DefaultListableBeanFactory     : Creating shared instance of singleton bean 'org.springframework.boot.autoconfigure.sql.init.DataSourceInitializationConfiguration'
2026-04-09T10:52:01.272+05:30 DEBUG 29200 --- [url-shortener-sb] [           main] o.s.b.f.s.DefaultListableBeanFactory     : Creating shared instance of singleton bean 'dataSource'
2026-04-09T10:52:01.272+05:30 DEBUG 29200 --- [url-shortener-sb] [           main] o.s.b.f.s.DefaultListableBeanFactory     : Creating shared instance of singleton bean 'org.springframework.boot.autoconfigure.jdbc.DataSourceConfiguration$Hikari'
2026-04-09T10:52:01.273+05:30 DEBUG 29200 --- [url-shortener-sb] [           main] o.s.b.f.s.DefaultListableBeanFactory     : Creating shared instance of singleton bean 'spring.datasource-org.springframework.boot.autoconfigure.jdbc.DataSourceProperties'
2026-04-09T10:52:01.274+05:30 DEBUG 29200 --- [url-shortener-sb] [           main] o.s.b.f.s.DefaultListableBeanFactory     : Creating shared instance of singleton bean 'org.springframework.boot.context.properties.BoundConfigurationProperties'
2026-04-09T10:52:01.286+05:30 DEBUG 29200 --- [url-shortener-sb] [           main] o.s.b.f.s.DefaultListableBeanFactory     : Creating shared instance of singleton bean 'jdbcConnectionDetails'
2026-04-09T10:52:01.287+05:30 DEBUG 29200 --- [url-shortener-sb] [           main] o.s.b.f.s.DefaultListableBeanFactory     : Creating shared instance of singleton bean 'org.springframework.boot.autoconfigure.jdbc.DataSourceAutoConfiguration$PooledDataSourceConfiguration'
2026-04-09T10:52:01.287+05:30 DEBUG 29200 --- [url-shortener-sb] [           main] o.s.b.f.s.DefaultListableBeanFactory     : Autowiring by type from bean name 'jdbcConnectionDetails' via factory method to bean named 'spring.datasource-org.springframework.boot.autoconfigure.jdbc.DataSourceProperties'
2026-04-09T10:52:01.289+05:30 DEBUG 29200 --- [url-shortener-sb] [           main] o.s.b.f.s.DefaultListableBeanFactory     : Autowiring by type from bean name 'dataSource' via factory method to bean named 'spring.datasource-org.springframework.boot.autoconfigure.jdbc.DataSourceProperties'
2026-04-09T10:52:01.289+05:30 DEBUG 29200 --- [url-shortener-sb] [           main] o.s.b.f.s.DefaultListableBeanFactory     : Autowiring by type from bean name 'dataSource' via factory method to bean named 'jdbcConnectionDetails'
2026-04-09T10:52:01.316+05:30 DEBUG 29200 --- [url-shortener-sb] [           main] o.s.b.f.s.DefaultListableBeanFactory     : Creating shared instance of singleton bean 'spring.sql.init-org.springframework.boot.autoconfigure.sql.init.SqlInitializationProperties'
2026-04-09T10:52:01.319+05:30 DEBUG 29200 --- [url-shortener-sb] [           main] o.s.b.f.s.DefaultListableBeanFactory     : Autowiring by type from bean name 'dataSourceScriptDatabaseInitializer' via factory method to bean named 'dataSource'
2026-04-09T10:52:01.319+05:30 DEBUG 29200 --- [url-shortener-sb] [           main] o.s.b.f.s.DefaultListableBeanFactory     : Autowiring by type from bean name 'dataSourceScriptDatabaseInitializer' via factory method to bean named 'spring.sql.init-org.springframework.boot.autoconfigure.sql.init.SqlInitializationProperties'
2026-04-09T10:52:01.337+05:30 DEBUG 29200 --- [url-shortener-sb] [           main] o.s.b.f.s.DefaultListableBeanFactory     : Creating shared instance of singleton bean 'entityManagerFactory'
2026-04-09T10:52:01.337+05:30 DEBUG 29200 --- [url-shortener-sb] [           main] o.s.b.f.s.DefaultListableBeanFactory     : Creating shared instance of singleton bean 'org.springframework.boot.autoconfigure.orm.jpa.HibernateJpaConfiguration'
2026-04-09T10:52:01.339+05:30 DEBUG 29200 --- [url-shortener-sb] [           main] o.s.b.f.s.DefaultListableBeanFactory     : Creating shared instance of singleton bean 'spring.jpa-org.springframework.boot.autoconfigure.orm.jpa.JpaProperties'
2026-04-09T10:52:01.342+05:30 DEBUG 29200 --- [url-shortener-sb] [           main] o.s.b.f.s.DefaultListableBeanFactory     : Creating shared instance of singleton bean 'spring.jpa.hibernate-org.springframework.boot.autoconfigure.orm.jpa.HibernateProperties'
2026-04-09T10:52:01.343+05:30 DEBUG 29200 --- [url-shortener-sb] [           main] o.s.b.f.s.DefaultListableBeanFactory     : Autowiring by type from bean name 'org.springframework.boot.autoconfigure.orm.jpa.HibernateJpaConfiguration' via constructor to bean named 'dataSource'
2026-04-09T10:52:01.343+05:30 DEBUG 29200 --- [url-shortener-sb] [           main] o.s.b.f.s.DefaultListableBeanFactory     : Autowiring by type from bean name 'org.springframework.boot.autoconfigure.orm.jpa.HibernateJpaConfiguration' via constructor to bean named 'spring.jpa-org.springframework.boot.autoconfigure.orm.jpa.JpaProperties'
2026-04-09T10:52:01.343+05:30 DEBUG 29200 --- [url-shortener-sb] [           main] o.s.b.f.s.DefaultListableBeanFactory     : Autowiring by type from bean name 'org.springframework.boot.autoconfigure.orm.jpa.HibernateJpaConfiguration' via constructor to bean named 'org.springframework.beans.factory.support.DefaultListableBeanFactory@411291e5'
2026-04-09T10:52:01.343+05:30 DEBUG 29200 --- [url-shortener-sb] [           main] o.s.b.f.s.DefaultListableBeanFactory     : Autowiring by type from bean name 'org.springframework.boot.autoconfigure.orm.jpa.HibernateJpaConfiguration' via constructor to bean named 'spring.jpa.hibernate-org.springframework.boot.autoconfigure.orm.jpa.HibernateProperties'
2026-04-09T10:52:01.348+05:30 DEBUG 29200 --- [url-shortener-sb] [           main] o.s.b.f.s.DefaultListableBeanFactory     : Creating shared instance of singleton bean 'hikariPoolDataSourceMetadataProvider'
2026-04-09T10:52:01.348+05:30 DEBUG 29200 --- [url-shortener-sb] [           main] o.s.b.f.s.DefaultListableBeanFactory     : Creating shared instance of singleton bean 'org.springframework.boot.autoconfigure.jdbc.metadata.DataSourcePoolMetadataProvidersConfiguration$HikariPoolDataSourceMetadataProviderConfiguration'
2026-04-09T10:52:01.355+05:30 DEBUG 29200 --- [url-shortener-sb] [           main] o.s.b.f.s.DefaultListableBeanFactory     : Creating shared instance of singleton bean 'entityManagerFactoryBuilder'
2026-04-09T10:52:01.356+05:30 DEBUG 29200 --- [url-shortener-sb] [           main] o.s.b.f.s.DefaultListableBeanFactory     : Creating shared instance of singleton bean 'jpaVendorAdapter'
2026-04-09T10:52:01.374+05:30 DEBUG 29200 --- [url-shortener-sb] [           main] o.s.b.f.s.DefaultListableBeanFactory     : Autowiring by type from bean name 'entityManagerFactoryBuilder' via factory method to bean named 'jpaVendorAdapter'
2026-04-09T10:52:01.384+05:30 DEBUG 29200 --- [url-shortener-sb] [           main] o.s.b.f.s.DefaultListableBeanFactory     : Creating shared instance of singleton bean 'persistenceManagedTypes'
2026-04-09T10:52:01.386+05:30 DEBUG 29200 --- [url-shortener-sb] [           main] o.s.b.f.s.DefaultListableBeanFactory     : Autowiring by type from bean name 'persistenceManagedTypes' via factory method to bean named 'org.springframework.beans.factory.support.DefaultListableBeanFactory@411291e5'
2026-04-09T10:52:01.386+05:30 DEBUG 29200 --- [url-shortener-sb] [           main] o.s.b.f.s.DefaultListableBeanFactory     : Autowiring by type from bean name 'persistenceManagedTypes' via factory method to bean named 'org.springframework.web.context.support.GenericWebApplicationContext@25243bc1'
2026-04-09T10:52:01.395+05:30 DEBUG 29200 --- [url-shortener-sb] [           main] o.s.b.f.s.DefaultListableBeanFactory     : Autowiring by type from bean name 'entityManagerFactory' via factory method to bean named 'entityManagerFactoryBuilder'
2026-04-09T10:52:01.395+05:30 DEBUG 29200 --- [url-shortener-sb] [           main] o.s.b.f.s.DefaultListableBeanFactory     : Autowiring by type from bean name 'entityManagerFactory' via factory method to bean named 'persistenceManagedTypes'
2026-04-09T10:52:01.406+05:30 DEBUG 29200 --- [url-shortener-sb] [           main] j.LocalContainerEntityManagerFactoryBean : Building JPA container EntityManagerFactory for persistence unit 'default'
2026-04-09T10:52:01.435+05:30  INFO 29200 --- [url-shortener-sb] [           main] o.hibernate.jpa.internal.util.LogHelper  : HHH000204: Processing PersistenceUnitInfo [name: default]
2026-04-09T10:52:01.506+05:30  INFO 29200 --- [url-shortener-sb] [           main] org.hibernate.Version                    : HHH000412: Hibernate ORM core version 6.6.2.Final
2026-04-09T10:52:01.547+05:30  INFO 29200 --- [url-shortener-sb] [           main] o.h.c.internal.RegionFactoryInitiator    : HHH000026: Second-level cache disabled
2026-04-09T10:52:01.933+05:30  INFO 29200 --- [url-shortener-sb] [           main] o.s.o.j.p.SpringPersistenceUnitInfo      : No LoadTimeWeaver setup: ignoring JPA class transformer
2026-04-09T10:52:01.966+05:30  INFO 29200 --- [url-shortener-sb] [           main] com.zaxxer.hikari.HikariDataSource       : HikariPool-1 - Starting...
2026-04-09T10:52:05.096+05:30  INFO 29200 --- [url-shortener-sb] [           main] com.zaxxer.hikari.pool.HikariPool        : HikariPool-1 - Added connection org.postgresql.jdbc.PgConnection@6e3b2dd3
2026-04-09T10:52:05.108+05:30  INFO 29200 --- [url-shortener-sb] [           main] com.zaxxer.hikari.HikariDataSource       : HikariPool-1 - Start completed.
2026-04-09T10:52:05.539+05:30  WARN 29200 --- [url-shortener-sb] [           main] org.hibernate.orm.deprecation            : HHH90000025: PostgreSQLDialect does not need to be specified explicitly using 'hibernate.dialect' (remove the property setting and it will be selected by default)
2026-04-09T10:52:06.231+05:30  INFO 29200 --- [url-shortener-sb] [           main] org.hibernate.orm.connections.pooling    : HHH10001005: Database info:
	Database JDBC URL [Connecting through datasource 'HikariDataSource (HikariPool-1)']
	Database driver: undefined/unknown
	Database version: 17.8
	Autocommit mode: undefined/unknown
	Isolation level: undefined/unknown
	Minimum pool size: undefined/unknown
	Maximum pool size: undefined/unknown
2026-04-09T10:52:08.596+05:30  INFO 29200 --- [url-shortener-sb] [           main] o.h.e.t.j.p.i.JtaPlatformInitiator       : HHH000489: No JTA platform available (set 'hibernate.transaction.jta.platform' to enable JTA platform integration)
2026-04-09T10:52:13.572+05:30  INFO 29200 --- [url-shortener-sb] [           main] j.LocalContainerEntityManagerFactoryBean : Initialized JPA EntityManagerFactory for persistence unit 'default'
2026-04-09T10:52:13.581+05:30 DEBUG 29200 --- [url-shortener-sb] [           main] o.s.b.f.s.DefaultListableBeanFactory     : Creating shared instance of singleton bean 'urlShortenerSbApplication'
2026-04-09T10:52:13.584+05:30 DEBUG 29200 --- [url-shortener-sb] [           main] o.s.b.f.s.DefaultListableBeanFactory     : Creating shared instance of singleton bean 'authController'
2026-04-09T10:52:13.589+05:30 DEBUG 29200 --- [url-shortener-sb] [           main] o.s.b.f.s.DefaultListableBeanFactory     : Creating shared instance of singleton bean 'userService'
2026-04-09T10:52:13.590+05:30 DEBUG 29200 --- [url-shortener-sb] [           main] o.s.b.f.s.DefaultListableBeanFactory     : Creating shared instance of singleton bean 'passwordEncoder'
2026-04-09T10:52:13.591+05:30 DEBUG 29200 --- [url-shortener-sb] [           main] o.s.b.f.s.DefaultListableBeanFactory     : Creating shared instance of singleton bean 'webSecurityConfig'
2026-04-09T10:52:13.591+05:30 DEBUG 29200 --- [url-shortener-sb] [           main] o.s.b.f.s.DefaultListableBeanFactory     : Creating shared instance of singleton bean 'userDetailsServiceImpl'
2026-04-09T10:52:13.593+05:30 DEBUG 29200 --- [url-shortener-sb] [           main] o.s.b.f.s.DefaultListableBeanFactory     : Creating shared instance of singleton bean 'userRepository'
2026-04-09T10:52:13.600+05:30 DEBUG 29200 --- [url-shortener-sb] [           main] o.s.b.f.s.DefaultListableBeanFactory     : Creating shared instance of singleton bean 'jpa.named-queries#1'
2026-04-09T10:52:13.604+05:30 DEBUG 29200 --- [url-shortener-sb] [           main] o.s.b.f.s.DefaultListableBeanFactory     : Creating shared instance of singleton bean 'jpa.UserRepository.fragments#0'
2026-04-09T10:52:13.609+05:30 DEBUG 29200 --- [url-shortener-sb] [           main] o.s.b.f.s.DefaultListableBeanFactory     : Creating shared instance of singleton bean 'jpaSharedEM_entityManagerFactory'
2026-04-09T10:52:13.635+05:30 DEBUG 29200 --- [url-shortener-sb] [           main] o.s.b.f.s.DefaultListableBeanFactory     : Creating shared instance of singleton bean 'jpaMappingContext'
2026-04-09T10:52:13.636+05:30 DEBUG 29200 --- [url-shortener-sb] [           main] .c.JpaMetamodelMappingContextFactoryBean : Initializing JpaMetamodelMappingContext…
2026-04-09T10:52:13.650+05:30 DEBUG 29200 --- [url-shortener-sb] [           main] .c.JpaMetamodelMappingContextFactoryBean : Finished initializing JpaMetamodelMappingContext
2026-04-09T10:52:13.673+05:30 DEBUG 29200 --- [url-shortener-sb] [           main] tor$SharedEntityManagerInvocationHandler : Creating new EntityManager for shared EntityManager invocation
2026-04-09T10:52:13.714+05:30 DEBUG 29200 --- [url-shortener-sb] [           main] tor$SharedEntityManagerInvocationHandler : Creating new EntityManager for shared EntityManager invocation
2026-04-09T10:52:13.751+05:30 DEBUG 29200 --- [url-shortener-sb] [           main] o.s.d.r.c.s.RepositoryFactorySupport     : Initializing repository instance for com.url.shortener.repository.UserRepository…
2026-04-09T10:52:13.762+05:30 DEBUG 29200 --- [url-shortener-sb] [           main] tor$SharedEntityManagerInvocationHandler : Creating new EntityManager for shared EntityManager invocation
2026-04-09T10:52:13.796+05:30 DEBUG 29200 --- [url-shortener-sb] [           main] o.s.d.jpa.repository.query.NamedQuery    : Looking up named query User.findByUsername
2026-04-09T10:52:13.800+05:30 DEBUG 29200 --- [url-shortener-sb] [           main] o.s.d.jpa.repository.query.NamedQuery    : Did not find named query User.findByUsername
2026-04-09T10:52:13.806+05:30 DEBUG 29200 --- [url-shortener-sb] [           main] tor$SharedEntityManagerInvocationHandler : Creating new EntityManager for shared EntityManager invocation
2026-04-09T10:52:13.861+05:30 DEBUG 29200 --- [url-shortener-sb] [           main] o.s.d.r.c.s.RepositoryFactorySupport     : Finished creation of repository instance for com.url.shortener.repository.UserRepository.
2026-04-09T10:52:13.888+05:30 DEBUG 29200 --- [url-shortener-sb] [           main] o.s.b.f.s.DefaultListableBeanFactory     : Autowiring by type from bean name 'webSecurityConfig' via constructor to bean named 'userDetailsServiceImpl'
2026-04-09T10:52:13.893+05:30 DEBUG 29200 --- [url-shortener-sb] [           main] o.s.b.f.s.DefaultListableBeanFactory     : Creating shared instance of singleton bean 'authenticationManager'
2026-04-09T10:52:13.893+05:30 DEBUG 29200 --- [url-shortener-sb] [           main] o.s.b.f.s.DefaultListableBeanFactory     : Creating shared instance of singleton bean 'org.springframework.security.config.annotation.authentication.configuration.AuthenticationConfiguration'
2026-04-09T10:52:13.895+05:30 DEBUG 29200 --- [url-shortener-sb] [           main] o.s.b.f.s.DefaultListableBeanFactory     : Creating shared instance of singleton bean 'enableGlobalAuthenticationAutowiredConfigurer'
2026-04-09T10:52:13.896+05:30 DEBUG 29200 --- [url-shortener-sb] [           main] o.s.b.f.s.DefaultListableBeanFactory     : Autowiring by type from bean name 'enableGlobalAuthenticationAutowiredConfigurer' via factory method to bean named 'org.springframework.web.context.support.GenericWebApplicationContext@25243bc1'
2026-04-09T10:52:13.897+05:30 DEBUG 29200 --- [url-shortener-sb] [           main] o.s.b.f.s.DefaultListableBeanFactory     : Creating shared instance of singleton bean 'initializeUserDetailsBeanManagerConfigurer'
2026-04-09T10:52:13.897+05:30 DEBUG 29200 --- [url-shortener-sb] [           main] o.s.b.f.s.DefaultListableBeanFactory     : Autowiring by type from bean name 'initializeUserDetailsBeanManagerConfigurer' via factory method to bean named 'org.springframework.web.context.support.GenericWebApplicationContext@25243bc1'
2026-04-09T10:52:13.899+05:30 DEBUG 29200 --- [url-shortener-sb] [           main] o.s.b.f.s.DefaultListableBeanFactory     : Creating shared instance of singleton bean 'initializeAuthenticationProviderBeanManagerConfigurer'
2026-04-09T10:52:13.900+05:30 DEBUG 29200 --- [url-shortener-sb] [           main] o.s.b.f.s.DefaultListableBeanFactory     : Autowiring by type from bean name 'initializeAuthenticationProviderBeanManagerConfigurer' via factory method to bean named 'org.springframework.web.context.support.GenericWebApplicationContext@25243bc1'
2026-04-09T10:52:13.902+05:30 DEBUG 29200 --- [url-shortener-sb] [           main] o.s.b.f.s.DefaultListableBeanFactory     : Creating shared instance of singleton bean 'objectPostProcessor'
2026-04-09T10:52:13.902+05:30 DEBUG 29200 --- [url-shortener-sb] [           main] o.s.b.f.s.DefaultListableBeanFactory     : Creating shared instance of singleton bean 'org.springframework.security.config.annotation.configuration.ObjectPostProcessorConfiguration'
2026-04-09T10:52:13.902+05:30 DEBUG 29200 --- [url-shortener-sb] [           main] o.s.b.f.s.DefaultListableBeanFactory     : Autowiring by type from bean name 'objectPostProcessor' via factory method to bean named 'org.springframework.beans.factory.support.DefaultListableBeanFactory@411291e5'
2026-04-09T10:52:13.905+05:30 DEBUG 29200 --- [url-shortener-sb] [           main] o.s.b.f.s.DefaultListableBeanFactory     : Autowiring by type from bean name 'authenticationManager' via factory method to bean named 'org.springframework.security.config.annotation.authentication.configuration.AuthenticationConfiguration'
2026-04-09T10:52:13.906+05:30 DEBUG 29200 --- [url-shortener-sb] [           main] o.s.b.f.s.DefaultListableBeanFactory     : Creating shared instance of singleton bean 'authenticationManagerBuilder'
2026-04-09T10:52:13.906+05:30 DEBUG 29200 --- [url-shortener-sb] [           main] o.s.b.f.s.DefaultListableBeanFactory     : Autowiring by type from bean name 'authenticationManagerBuilder' via factory method to bean named 'objectPostProcessor'
2026-04-09T10:52:13.906+05:30 DEBUG 29200 --- [url-shortener-sb] [           main] o.s.b.f.s.DefaultListableBeanFactory     : Autowiring by type from bean name 'authenticationManagerBuilder' via factory method to bean named 'org.springframework.web.context.support.GenericWebApplicationContext@25243bc1'
2026-04-09T10:52:13.907+05:30 DEBUG 29200 --- [url-shortener-sb] [           main] o.s.b.f.s.DefaultListableBeanFactory     : Creating shared instance of singleton bean 'authenticationEventPublisher'
2026-04-09T10:52:13.907+05:30 DEBUG 29200 --- [url-shortener-sb] [           main] o.s.b.f.s.DefaultListableBeanFactory     : Creating shared instance of singleton bean 'org.springframework.boot.autoconfigure.security.servlet.SecurityAutoConfiguration'
2026-04-09T10:52:13.908+05:30 DEBUG 29200 --- [url-shortener-sb] [           main] o.s.b.f.s.DefaultListableBeanFactory     : Autowiring by type from bean name 'authenticationEventPublisher' via factory method to bean named 'org.springframework.web.context.support.GenericWebApplicationContext@25243bc1'
2026-04-09T10:52:13.917+05:30 DEBUG 29200 --- [url-shortener-sb] [           main] o.s.b.f.s.DefaultListableBeanFactory     : Creating shared instance of singleton bean 'authenticationProvider'
2026-04-09T10:52:13.932+05:30  INFO 29200 --- [url-shortener-sb] [           main] eAuthenticationProviderManagerConfigurer : Global AuthenticationManager configured with AuthenticationProvider bean with name authenticationProvider
2026-04-09T10:52:13.933+05:30  WARN 29200 --- [url-shortener-sb] [           main] r$InitializeUserDetailsManagerConfigurer : Global AuthenticationManager configured with an AuthenticationProvider bean. UserDetailsService beans will not be used by Spring Security for automatically configuring username/password login. Consider removing the AuthenticationProvider bean. Alternatively, consider using the UserDetailsService in a manually instantiated DaoAuthenticationProvider. If the current configuration is intentional, to turn off this warning, increase the logging level of 'org.springframework.security.config.annotation.authentication.configuration.InitializeUserDetailsBeanManagerConfigurer' to ERROR
2026-04-09T10:52:13.934+05:30 DEBUG 29200 --- [url-shortener-sb] [           main] o.s.b.f.s.DefaultListableBeanFactory     : Creating shared instance of singleton bean 'jwtUtils'
2026-04-09T10:52:13.935+05:30 DEBUG 29200 --- [url-shortener-sb] [           main] o.s.c.e.PropertySourcesPropertyResolver  : Found key 'jwt.secret' in PropertySource 'environmentProperties' with value of type String
2026-04-09T10:52:13.938+05:30 DEBUG 29200 --- [url-shortener-sb] [           main] o.s.c.e.PropertySourcesPropertyResolver  : Found key 'jwt.expiration' in PropertySource 'environmentProperties' with value of type String
2026-04-09T10:52:13.939+05:30 DEBUG 29200 --- [url-shortener-sb] [           main] o.s.b.f.s.DefaultListableBeanFactory     : Autowiring by type from bean name 'userService' via constructor to bean named 'passwordEncoder'
2026-04-09T10:52:13.939+05:30 DEBUG 29200 --- [url-shortener-sb] [           main] o.s.b.f.s.DefaultListableBeanFactory     : Autowiring by type from bean name 'userService' via constructor to bean named 'userRepository'
2026-04-09T10:52:13.939+05:30 DEBUG 29200 --- [url-shortener-sb] [           main] o.s.b.f.s.DefaultListableBeanFactory     : Autowiring by type from bean name 'userService' via constructor to bean named 'authenticationManager'
2026-04-09T10:52:13.939+05:30 DEBUG 29200 --- [url-shortener-sb] [           main] o.s.b.f.s.DefaultListableBeanFactory     : Autowiring by type from bean name 'userService' via constructor to bean named 'jwtUtils'
2026-04-09T10:52:13.941+05:30 DEBUG 29200 --- [url-shortener-sb] [           main] o.s.b.f.s.DefaultListableBeanFactory     : Autowiring by type from bean name 'authController' via constructor to bean named 'userService'
2026-04-09T10:52:13.942+05:30 DEBUG 29200 --- [url-shortener-sb] [           main] o.s.b.f.s.DefaultListableBeanFactory     : Creating shared instance of singleton bean 'redirectController'
2026-04-09T10:52:13.943+05:30 DEBUG 29200 --- [url-shortener-sb] [           main] o.s.b.f.s.DefaultListableBeanFactory     : Creating shared instance of singleton bean 'urlMappingService'
2026-04-09T10:52:13.945+05:30 DEBUG 29200 --- [url-shortener-sb] [           main] o.s.b.f.s.DefaultListableBeanFactory     : Creating shared instance of singleton bean 'urlMappingRepository'
2026-04-09T10:52:13.946+05:30 DEBUG 29200 --- [url-shortener-sb] [           main] o.s.b.f.s.DefaultListableBeanFactory     : Creating shared instance of singleton bean 'jpa.named-queries#0'
2026-04-09T10:52:13.947+05:30 DEBUG 29200 --- [url-shortener-sb] [           main] o.s.b.f.s.DefaultListableBeanFactory     : Creating shared instance of singleton bean 'jpa.UrlMappingRepository.fragments#0'
2026-04-09T10:52:13.948+05:30 DEBUG 29200 --- [url-shortener-sb] [           main] tor$SharedEntityManagerInvocationHandler : Creating new EntityManager for shared EntityManager invocation
2026-04-09T10:52:13.955+05:30 DEBUG 29200 --- [url-shortener-sb] [           main] o.s.d.r.c.s.RepositoryFactorySupport     : Initializing repository instance for com.url.shortener.repository.UrlMappingRepository…
2026-04-09T10:52:13.955+05:30 DEBUG 29200 --- [url-shortener-sb] [           main] tor$SharedEntityManagerInvocationHandler : Creating new EntityManager for shared EntityManager invocation
2026-04-09T10:52:13.957+05:30 DEBUG 29200 --- [url-shortener-sb] [           main] o.s.d.jpa.repository.query.NamedQuery    : Looking up named query UrlMapping.findByShortUrl
2026-04-09T10:52:13.957+05:30 DEBUG 29200 --- [url-shortener-sb] [           main] o.s.d.jpa.repository.query.NamedQuery    : Did not find named query UrlMapping.findByShortUrl
2026-04-09T10:52:13.957+05:30 DEBUG 29200 --- [url-shortener-sb] [           main] tor$SharedEntityManagerInvocationHandler : Creating new EntityManager for shared EntityManager invocation
2026-04-09T10:52:13.958+05:30 DEBUG 29200 --- [url-shortener-sb] [           main] o.s.d.jpa.repository.query.NamedQuery    : Looking up named query UrlMapping.findByUser
2026-04-09T10:52:13.959+05:30 DEBUG 29200 --- [url-shortener-sb] [           main] o.s.d.jpa.repository.query.NamedQuery    : Did not find named query UrlMapping.findByUser
2026-04-09T10:52:13.959+05:30 DEBUG 29200 --- [url-shortener-sb] [           main] tor$SharedEntityManagerInvocationHandler : Creating new EntityManager for shared EntityManager invocation
2026-04-09T10:52:13.962+05:30 DEBUG 29200 --- [url-shortener-sb] [           main] o.s.d.r.c.s.RepositoryFactorySupport     : Finished creation of repository instance for com.url.shortener.repository.UrlMappingRepository.
2026-04-09T10:52:13.965+05:30 DEBUG 29200 --- [url-shortener-sb] [           main] o.s.b.f.s.DefaultListableBeanFactory     : Creating shared instance of singleton bean 'clickEventRepository'
2026-04-09T10:52:13.967+05:30 DEBUG 29200 --- [url-shortener-sb] [           main] o.s.b.f.s.DefaultListableBeanFactory     : Creating shared instance of singleton bean 'jpa.named-queries#2'
2026-04-09T10:52:13.968+05:30 DEBUG 29200 --- [url-shortener-sb] [           main] o.s.b.f.s.DefaultListableBeanFactory     : Creating shared instance of singleton bean 'jpa.ClickEventRepository.fragments#0'
2026-04-09T10:52:13.969+05:30 DEBUG 29200 --- [url-shortener-sb] [           main] tor$SharedEntityManagerInvocationHandler : Creating new EntityManager for shared EntityManager invocation
2026-04-09T10:52:13.970+05:30 DEBUG 29200 --- [url-shortener-sb] [           main] o.s.d.r.c.s.RepositoryFactorySupport     : Initializing repository instance for com.url.shortener.repository.ClickEventRepository…
2026-04-09T10:52:13.970+05:30 DEBUG 29200 --- [url-shortener-sb] [           main] tor$SharedEntityManagerInvocationHandler : Creating new EntityManager for shared EntityManager invocation
2026-04-09T10:52:13.971+05:30 DEBUG 29200 --- [url-shortener-sb] [           main] o.s.d.jpa.repository.query.NamedQuery    : Looking up named query ClickEvent.findByUrlMappingInAndClickDateBetween
2026-04-09T10:52:13.971+05:30 DEBUG 29200 --- [url-shortener-sb] [           main] o.s.d.jpa.repository.query.NamedQuery    : Did not find named query ClickEvent.findByUrlMappingInAndClickDateBetween
2026-04-09T10:52:13.972+05:30 DEBUG 29200 --- [url-shortener-sb] [           main] tor$SharedEntityManagerInvocationHandler : Creating new EntityManager for shared EntityManager invocation
2026-04-09T10:52:13.976+05:30 DEBUG 29200 --- [url-shortener-sb] [           main] o.s.d.jpa.repository.query.NamedQuery    : Looking up named query ClickEvent.findByUrlMappingAndClickDateBetween
2026-04-09T10:52:13.976+05:30 DEBUG 29200 --- [url-shortener-sb] [           main] o.s.d.jpa.repository.query.NamedQuery    : Did not find named query ClickEvent.findByUrlMappingAndClickDateBetween
2026-04-09T10:52:13.977+05:30 DEBUG 29200 --- [url-shortener-sb] [           main] tor$SharedEntityManagerInvocationHandler : Creating new EntityManager for shared EntityManager invocation
2026-04-09T10:52:13.979+05:30 DEBUG 29200 --- [url-shortener-sb] [           main] o.s.d.r.c.s.RepositoryFactorySupport     : Finished creation of repository instance for com.url.shortener.repository.ClickEventRepository.
2026-04-09T10:52:13.981+05:30 DEBUG 29200 --- [url-shortener-sb] [           main] o.s.b.f.s.DefaultListableBeanFactory     : Autowiring by type from bean name 'urlMappingService' via constructor to bean named 'urlMappingRepository'
2026-04-09T10:52:13.981+05:30 DEBUG 29200 --- [url-shortener-sb] [           main] o.s.b.f.s.DefaultListableBeanFactory     : Autowiring by type from bean name 'urlMappingService' via constructor to bean named 'clickEventRepository'
2026-04-09T10:52:13.981+05:30 DEBUG 29200 --- [url-shortener-sb] [           main] o.s.b.f.s.DefaultListableBeanFactory     : Autowiring by type from bean name 'redirectController' via constructor to bean named 'urlMappingService'
2026-04-09T10:52:13.983+05:30 DEBUG 29200 --- [url-shortener-sb] [           main] o.s.b.f.s.DefaultListableBeanFactory     : Creating shared instance of singleton bean 'urlMappingController'
2026-04-09T10:52:13.984+05:30 DEBUG 29200 --- [url-shortener-sb] [           main] o.s.b.f.s.DefaultListableBeanFactory     : Autowiring by type from bean name 'urlMappingController' via constructor to bean named 'urlMappingService'
2026-04-09T10:52:13.984+05:30 DEBUG 29200 --- [url-shortener-sb] [           main] o.s.b.f.s.DefaultListableBeanFactory     : Autowiring by type from bean name 'urlMappingController' via constructor to bean named 'userService'
2026-04-09T10:52:13.992+05:30 DEBUG 29200 --- [url-shortener-sb] [           main] o.s.b.f.s.DefaultListableBeanFactory     : Creating shared instance of singleton bean 'webConfig'
2026-04-09T10:52:13.993+05:30 DEBUG 29200 --- [url-shortener-sb] [           main] o.s.c.e.PropertySourcesPropertyResolver  : Found key 'frontend.url' in PropertySource 'environmentProperties' with value of type String
2026-04-09T10:52:13.994+05:30 DEBUG 29200 --- [url-shortener-sb] [           main] o.s.b.f.s.DefaultListableBeanFactory     : Creating shared instance of singleton bean 'org.springframework.security.config.annotation.web.configuration.WebSecurityConfiguration'
2026-04-09T10:52:13.997+05:30 DEBUG 29200 --- [url-shortener-sb] [           main] o.s.b.f.s.DefaultListableBeanFactory     : Creating shared instance of singleton bean 'org.springframework.security.config.annotation.web.configuration.HttpSecurityConfiguration'
2026-04-09T10:52:14.000+05:30 DEBUG 29200 --- [url-shortener-sb] [           main] o.s.b.f.s.DefaultListableBeanFactory     : Creating shared instance of singleton bean 'mvcContentNegotiationManager'
2026-04-09T10:52:14.001+05:30 DEBUG 29200 --- [url-shortener-sb] [           main] o.s.b.f.s.DefaultListableBeanFactory     : Creating shared instance of singleton bean 'org.springframework.boot.autoconfigure.web.servlet.WebMvcAutoConfiguration$EnableWebMvcConfiguration'
2026-04-09T10:52:14.001+05:30 DEBUG 29200 --- [url-shortener-sb] [           main] o.s.b.f.s.DefaultListableBeanFactory     : Creating shared instance of singleton bean 'spring.mvc-org.springframework.boot.autoconfigure.web.servlet.WebMvcProperties'
2026-04-09T10:52:14.005+05:30 DEBUG 29200 --- [url-shortener-sb] [           main] o.s.b.f.s.DefaultListableBeanFactory     : Creating shared instance of singleton bean 'spring.web-org.springframework.boot.autoconfigure.web.WebProperties'
2026-04-09T10:52:14.009+05:30 DEBUG 29200 --- [url-shortener-sb] [           main] o.s.b.f.s.DefaultListableBeanFactory     : Autowiring by type from bean name 'org.springframework.boot.autoconfigure.web.servlet.WebMvcAutoConfiguration$EnableWebMvcConfiguration' via constructor to bean named 'spring.mvc-org.springframework.boot.autoconfigure.web.servlet.WebMvcProperties'
2026-04-09T10:52:14.009+05:30 DEBUG 29200 --- [url-shortener-sb] [           main] o.s.b.f.s.DefaultListableBeanFactory     : Autowiring by type from bean name 'org.springframework.boot.autoconfigure.web.servlet.WebMvcAutoConfiguration$EnableWebMvcConfiguration' via constructor to bean named 'spring.web-org.springframework.boot.autoconfigure.web.WebProperties'
2026-04-09T10:52:14.009+05:30 DEBUG 29200 --- [url-shortener-sb] [           main] o.s.b.f.s.DefaultListableBeanFactory     : Autowiring by type from bean name 'org.springframework.boot.autoconfigure.web.servlet.WebMvcAutoConfiguration$EnableWebMvcConfiguration' via constructor to bean named 'org.springframework.beans.factory.support.DefaultListableBeanFactory@411291e5'
2026-04-09T10:52:14.013+05:30 DEBUG 29200 --- [url-shortener-sb] [           main] o.s.b.f.s.DefaultListableBeanFactory     : Creating shared instance of singleton bean 'org.springframework.security.config.annotation.web.configuration.WebMvcSecurityConfiguration'
2026-04-09T10:52:14.015+05:30 DEBUG 29200 --- [url-shortener-sb] [           main] o.s.b.f.s.DefaultListableBeanFactory     : Creating shared instance of singleton bean 'org.springframework.boot.autoconfigure.web.servlet.WebMvcAutoConfiguration$WebMvcAutoConfigurationAdapter'
2026-04-09T10:52:14.016+05:30 DEBUG 29200 --- [url-shortener-sb] [           main] o.s.b.f.s.DefaultListableBeanFactory     : Autowiring by type from bean name 'org.springframework.boot.autoconfigure.web.servlet.WebMvcAutoConfiguration$WebMvcAutoConfigurationAdapter' via constructor to bean named 'spring.web-org.springframework.boot.autoconfigure.web.WebProperties'
2026-04-09T10:52:14.016+05:30 DEBUG 29200 --- [url-shortener-sb] [           main] o.s.b.f.s.DefaultListableBeanFactory     : Autowiring by type from bean name 'org.springframework.boot.autoconfigure.web.servlet.WebMvcAutoConfiguration$WebMvcAutoConfigurationAdapter' via constructor to bean named 'spring.mvc-org.springframework.boot.autoconfigure.web.servlet.WebMvcProperties'
2026-04-09T10:52:14.016+05:30 DEBUG 29200 --- [url-shortener-sb] [           main] o.s.b.f.s.DefaultListableBeanFactory     : Autowiring by type from bean name 'org.springframework.boot.autoconfigure.web.servlet.WebMvcAutoConfiguration$WebMvcAutoConfigurationAdapter' via constructor to bean named 'org.springframework.beans.factory.support.DefaultListableBeanFactory@411291e5'
2026-04-09T10:52:14.018+05:30 DEBUG 29200 --- [url-shortener-sb] [           main] o.s.b.f.s.DefaultListableBeanFactory     : Creating shared instance of singleton bean 'openEntityManagerInViewInterceptorConfigurer'
2026-04-09T10:52:14.018+05:30 DEBUG 29200 --- [url-shortener-sb] [           main] o.s.b.f.s.DefaultListableBeanFactory     : Creating shared instance of singleton bean 'org.springframework.boot.autoconfigure.orm.jpa.JpaBaseConfiguration$JpaWebConfiguration'
2026-04-09T10:52:14.021+05:30 DEBUG 29200 --- [url-shortener-sb] [           main] o.s.b.f.s.DefaultListableBeanFactory     : Autowiring by type from bean name 'org.springframework.boot.autoconfigure.orm.jpa.JpaBaseConfiguration$JpaWebConfiguration' via constructor to bean named 'spring.jpa-org.springframework.boot.autoconfigure.orm.jpa.JpaProperties'
2026-04-09T10:52:14.022+05:30 DEBUG 29200 --- [url-shortener-sb] [           main] o.s.b.f.s.DefaultListableBeanFactory     : Creating shared instance of singleton bean 'openEntityManagerInViewInterceptor'
2026-04-09T10:52:14.022+05:30  WARN 29200 --- [url-shortener-sb] [           main] JpaBaseConfiguration$JpaWebConfiguration : spring.jpa.open-in-view is enabled by default. Therefore, database queries may be performed during view rendering. Explicitly configure spring.jpa.open-in-view to disable this warning
2026-04-09T10:52:14.026+05:30 DEBUG 29200 --- [url-shortener-sb] [           main] o.s.b.f.s.DefaultListableBeanFactory     : Autowiring by type from bean name 'openEntityManagerInViewInterceptorConfigurer' via factory method to bean named 'openEntityManagerInViewInterceptor'
2026-04-09T10:52:14.027+05:30 DEBUG 29200 --- [url-shortener-sb] [           main] o.s.b.f.s.DefaultListableBeanFactory     : Creating shared instance of singleton bean 'org.springframework.data.web.config.SpringDataWebConfiguration'
2026-04-09T10:52:14.029+05:30 DEBUG 29200 --- [url-shortener-sb] [           main] o.s.b.f.s.DefaultListableBeanFactory     : Autowiring by type from bean name 'org.springframework.data.web.config.SpringDataWebConfiguration' via constructor to bean named 'org.springframework.web.context.support.GenericWebApplicationContext@25243bc1'
2026-04-09T10:52:14.099+05:30 DEBUG 29200 --- [url-shortener-sb] [           main] o.s.b.f.s.DefaultListableBeanFactory     : Creating shared instance of singleton bean 'filterChainDecoratorPostProcessor'
2026-04-09T10:52:14.101+05:30 DEBUG 29200 --- [url-shortener-sb] [           main] o.s.b.f.s.DefaultListableBeanFactory     : Creating shared instance of singleton bean 'mvcHandlerMappingIntrospectorRequestTransformer'
2026-04-09T10:52:14.101+05:30 DEBUG 29200 --- [url-shortener-sb] [           main] o.s.b.f.s.DefaultListableBeanFactory     : Creating shared instance of singleton bean 'mvcHandlerMappingIntrospector'
2026-04-09T10:52:14.108+05:30 DEBUG 29200 --- [url-shortener-sb] [           main] o.s.b.f.s.DefaultListableBeanFactory     : Creating shared instance of singleton bean 'welcomePageHandlerMapping'
2026-04-09T10:52:14.109+05:30 DEBUG 29200 --- [url-shortener-sb] [           main] o.s.b.f.s.DefaultListableBeanFactory     : Creating shared instance of singleton bean 'mvcConversionService'
2026-04-09T10:52:14.117+05:30 DEBUG 29200 --- [url-shortener-sb] [           main] o.s.b.f.s.DefaultListableBeanFactory     : Creating shared instance of singleton bean 'mvcResourceUrlProvider'
2026-04-09T10:52:14.119+05:30 DEBUG 29200 --- [url-shortener-sb] [           main] o.s.b.f.s.DefaultListableBeanFactory     : Autowiring by type from bean name 'welcomePageHandlerMapping' via factory method to bean named 'org.springframework.web.context.support.GenericWebApplicationContext@25243bc1'
2026-04-09T10:52:14.119+05:30 DEBUG 29200 --- [url-shortener-sb] [           main] o.s.b.f.s.DefaultListableBeanFactory     : Autowiring by type from bean name 'welcomePageHandlerMapping' via factory method to bean named 'mvcConversionService'
2026-04-09T10:52:14.119+05:30 DEBUG 29200 --- [url-shortener-sb] [           main] o.s.b.f.s.DefaultListableBeanFactory     : Autowiring by type from bean name 'welcomePageHandlerMapping' via factory method to bean named 'mvcResourceUrlProvider'
2026-04-09T10:52:14.143+05:30 DEBUG 29200 --- [url-shortener-sb] [           main] o.s.b.f.s.DefaultListableBeanFactory     : Creating shared instance of singleton bean 'welcomePageNotAcceptableHandlerMapping'
2026-04-09T10:52:14.144+05:30 DEBUG 29200 --- [url-shortener-sb] [           main] o.s.b.f.s.DefaultListableBeanFactory     : Autowiring by type from bean name 'welcomePageNotAcceptableHandlerMapping' via factory method to bean named 'org.springframework.web.context.support.GenericWebApplicationContext@25243bc1'
2026-04-09T10:52:14.145+05:30 DEBUG 29200 --- [url-shortener-sb] [           main] o.s.b.f.s.DefaultListableBeanFactory     : Autowiring by type from bean name 'welcomePageNotAcceptableHandlerMapping' via factory method to bean named 'mvcConversionService'
2026-04-09T10:52:14.145+05:30 DEBUG 29200 --- [url-shortener-sb] [           main] o.s.b.f.s.DefaultListableBeanFactory     : Autowiring by type from bean name 'welcomePageNotAcceptableHandlerMapping' via factory method to bean named 'mvcResourceUrlProvider'
2026-04-09T10:52:14.150+05:30 DEBUG 29200 --- [url-shortener-sb] [           main] o.s.b.f.s.DefaultListableBeanFactory     : Creating shared instance of singleton bean 'requestMappingHandlerMapping'
2026-04-09T10:52:14.152+05:30 DEBUG 29200 --- [url-shortener-sb] [           main] o.s.b.f.s.DefaultListableBeanFactory     : Autowiring by type from bean name 'requestMappingHandlerMapping' via factory method to bean named 'mvcContentNegotiationManager'
2026-04-09T10:52:14.152+05:30 DEBUG 29200 --- [url-shortener-sb] [           main] o.s.b.f.s.DefaultListableBeanFactory     : Autowiring by type from bean name 'requestMappingHandlerMapping' via factory method to bean named 'mvcConversionService'
2026-04-09T10:52:14.152+05:30 DEBUG 29200 --- [url-shortener-sb] [           main] o.s.b.f.s.DefaultListableBeanFactory     : Autowiring by type from bean name 'requestMappingHandlerMapping' via factory method to bean named 'mvcResourceUrlProvider'
2026-04-09T10:52:14.177+05:30 TRACE 29200 --- [url-shortener-sb] [           main] s.w.s.m.m.a.RequestMappingHandlerMapping : 
	c.u.s.c.AuthController:
	{POST [/api/auth/public/register]}: registerUser(RegisterRequest)
	{POST [/api/auth/public/login]}: loginUser(LoginRequest)
2026-04-09T10:52:14.181+05:30 TRACE 29200 --- [url-shortener-sb] [           main] s.w.s.m.m.a.RequestMappingHandlerMapping : 
	c.u.s.c.RedirectController:
	{GET [/{shortUrl}]}: redirect(String)
2026-04-09T10:52:14.182+05:30 TRACE 29200 --- [url-shortener-sb] [           main] s.w.s.m.m.a.RequestMappingHandlerMapping : 
	c.u.s.c.UrlMappingController:
	{GET [/api/urls/totalClicks]}: getTotalClicksByDate(Principal,String,String)
	{GET [/api/urls/analytics/{shortUrl}]}: getUrlAnalytics(String,String,String)
	{POST [/api/urls/shorten]}: createShortUrl(Map,Principal)
	{GET [/api/urls/myurls]}: getUserUrls(Principal)
2026-04-09T10:52:14.188+05:30 TRACE 29200 --- [url-shortener-sb] [           main] s.w.s.m.m.a.RequestMappingHandlerMapping : 
	o.s.b.a.w.s.e.BasicErrorController:
	{ [/error]}: error(HttpServletRequest)
	{ [/error], produces [text/html]}: errorHtml(HttpServletRequest,HttpServletResponse)
2026-04-09T10:52:14.189+05:30 DEBUG 29200 --- [url-shortener-sb] [           main] s.w.s.m.m.a.RequestMappingHandlerMapping : 9 mappings in 'requestMappingHandlerMapping'
2026-04-09T10:52:14.196+05:30 DEBUG 29200 --- [url-shortener-sb] [           main] o.s.b.f.s.DefaultListableBeanFactory     : Creating shared instance of singleton bean 'viewControllerHandlerMapping'
2026-04-09T10:52:14.197+05:30 DEBUG 29200 --- [url-shortener-sb] [           main] o.s.b.f.s.DefaultListableBeanFactory     : Autowiring by type from bean name 'viewControllerHandlerMapping' via factory method to bean named 'mvcConversionService'
2026-04-09T10:52:14.197+05:30 DEBUG 29200 --- [url-shortener-sb] [           main] o.s.b.f.s.DefaultListableBeanFactory     : Autowiring by type from bean name 'viewControllerHandlerMapping' via factory method to bean named 'mvcResourceUrlProvider'
2026-04-09T10:52:14.198+05:30 DEBUG 29200 --- [url-shortener-sb] [           main] o.s.b.f.s.DefaultListableBeanFactory     : Creating shared instance of singleton bean 'beanNameHandlerMapping'
2026-04-09T10:52:14.198+05:30 DEBUG 29200 --- [url-shortener-sb] [           main] o.s.b.f.s.DefaultListableBeanFactory     : Autowiring by type from bean name 'beanNameHandlerMapping' via factory method to bean named 'mvcConversionService'
2026-04-09T10:52:14.198+05:30 DEBUG 29200 --- [url-shortener-sb] [           main] o.s.b.f.s.DefaultListableBeanFactory     : Autowiring by type from bean name 'beanNameHandlerMapping' via factory method to bean named 'mvcResourceUrlProvider'
2026-04-09T10:52:14.200+05:30 DEBUG 29200 --- [url-shortener-sb] [           main] o.s.w.s.h.BeanNameUrlHandlerMapping      : Detected 0 mappings in 'beanNameHandlerMapping'
2026-04-09T10:52:14.203+05:30 DEBUG 29200 --- [url-shortener-sb] [           main] o.s.b.f.s.DefaultListableBeanFactory     : Creating shared instance of singleton bean 'routerFunctionMapping'
2026-04-09T10:52:14.204+05:30 DEBUG 29200 --- [url-shortener-sb] [           main] o.s.b.f.s.DefaultListableBeanFactory     : Autowiring by type from bean name 'routerFunctionMapping' via factory method to bean named 'mvcConversionService'
2026-04-09T10:52:14.204+05:30 DEBUG 29200 --- [url-shortener-sb] [           main] o.s.b.f.s.DefaultListableBeanFactory     : Autowiring by type from bean name 'routerFunctionMapping' via factory method to bean named 'mvcResourceUrlProvider'
2026-04-09T10:52:14.205+05:30 DEBUG 29200 --- [url-shortener-sb] [           main] o.s.b.f.s.DefaultListableBeanFactory     : Creating shared instance of singleton bean 'messageConverters'
2026-04-09T10:52:14.205+05:30 DEBUG 29200 --- [url-shortener-sb] [           main] o.s.b.f.s.DefaultListableBeanFactory     : Creating shared instance of singleton bean 'org.springframework.boot.autoconfigure.http.HttpMessageConvertersAutoConfiguration'
2026-04-09T10:52:14.207+05:30 DEBUG 29200 --- [url-shortener-sb] [           main] o.s.b.f.s.DefaultListableBeanFactory     : Creating shared instance of singleton bean 'stringHttpMessageConverter'
2026-04-09T10:52:14.208+05:30 DEBUG 29200 --- [url-shortener-sb] [           main] o.s.b.f.s.DefaultListableBeanFactory     : Creating shared instance of singleton bean 'org.springframework.boot.autoconfigure.http.HttpMessageConvertersAutoConfiguration$StringHttpMessageConverterConfiguration'
2026-04-09T10:52:14.208+05:30 DEBUG 29200 --- [url-shortener-sb] [           main] o.s.b.f.s.DefaultListableBeanFactory     : Autowiring by type from bean name 'stringHttpMessageConverter' via factory method to bean named 'environment'
2026-04-09T10:52:14.211+05:30 DEBUG 29200 --- [url-shortener-sb] [           main] o.s.b.f.s.DefaultListableBeanFactory     : Creating shared instance of singleton bean 'mappingJackson2HttpMessageConverter'
2026-04-09T10:52:14.211+05:30 DEBUG 29200 --- [url-shortener-sb] [           main] o.s.b.f.s.DefaultListableBeanFactory     : Creating shared instance of singleton bean 'org.springframework.boot.autoconfigure.http.JacksonHttpMessageConvertersConfiguration$MappingJackson2HttpMessageConverterConfiguration'
2026-04-09T10:52:14.212+05:30 DEBUG 29200 --- [url-shortener-sb] [           main] o.s.b.f.s.DefaultListableBeanFactory     : Creating shared instance of singleton bean 'jacksonObjectMapper'
2026-04-09T10:52:14.212+05:30 DEBUG 29200 --- [url-shortener-sb] [           main] o.s.b.f.s.DefaultListableBeanFactory     : Creating shared instance of singleton bean 'org.springframework.boot.autoconfigure.jackson.JacksonAutoConfiguration$JacksonObjectMapperConfiguration'
2026-04-09T10:52:14.213+05:30 DEBUG 29200 --- [url-shortener-sb] [           main] o.s.b.f.s.DefaultListableBeanFactory     : Creating shared instance of singleton bean 'org.springframework.boot.autoconfigure.jackson.JacksonAutoConfiguration$JacksonObjectMapperBuilderConfiguration'
2026-04-09T10:52:14.214+05:30 DEBUG 29200 --- [url-shortener-sb] [           main] o.s.b.f.s.DefaultListableBeanFactory     : Creating shared instance of singleton bean 'standardJacksonObjectMapperBuilderCustomizer'
2026-04-09T10:52:14.214+05:30 DEBUG 29200 --- [url-shortener-sb] [           main] o.s.b.f.s.DefaultListableBeanFactory     : Creating shared instance of singleton bean 'org.springframework.boot.autoconfigure.jackson.JacksonAutoConfiguration$Jackson2ObjectMapperBuilderCustomizerConfiguration'
2026-04-09T10:52:14.214+05:30 DEBUG 29200 --- [url-shortener-sb] [           main] o.s.b.f.s.DefaultListableBeanFactory     : Creating shared instance of singleton bean 'spring.jackson-org.springframework.boot.autoconfigure.jackson.JacksonProperties'
2026-04-09T10:52:14.217+05:30 DEBUG 29200 --- [url-shortener-sb] [           main] o.s.b.f.s.DefaultListableBeanFactory     : Autowiring by type from bean name 'standardJacksonObjectMapperBuilderCustomizer' via factory method to bean named 'spring.jackson-org.springframework.boot.autoconfigure.jackson.JacksonProperties'
2026-04-09T10:52:14.218+05:30 DEBUG 29200 --- [url-shortener-sb] [           main] o.s.b.f.s.DefaultListableBeanFactory     : Creating shared instance of singleton bean 'parameterNamesModule'
2026-04-09T10:52:14.218+05:30 DEBUG 29200 --- [url-shortener-sb] [           main] o.s.b.f.s.DefaultListableBeanFactory     : Creating shared instance of singleton bean 'org.springframework.boot.autoconfigure.jackson.JacksonAutoConfiguration$ParameterNamesModuleConfiguration'
2026-04-09T10:52:14.222+05:30 DEBUG 29200 --- [url-shortener-sb] [           main] o.s.b.f.s.DefaultListableBeanFactory     : Creating shared instance of singleton bean 'jsonMixinModule'
2026-04-09T10:52:14.223+05:30 DEBUG 29200 --- [url-shortener-sb] [           main] o.s.b.f.s.DefaultListableBeanFactory     : Creating shared instance of singleton bean 'org.springframework.boot.autoconfigure.jackson.JacksonAutoConfiguration$JacksonMixinConfiguration'
2026-04-09T10:52:14.224+05:30 DEBUG 29200 --- [url-shortener-sb] [           main] o.s.b.f.s.DefaultListableBeanFactory     : Creating shared instance of singleton bean 'jsonMixinModuleEntries'
2026-04-09T10:52:14.224+05:30 DEBUG 29200 --- [url-shortener-sb] [           main] o.s.b.f.s.DefaultListableBeanFactory     : Autowiring by type from bean name 'jsonMixinModuleEntries' via factory method to bean named 'org.springframework.web.context.support.GenericWebApplicationContext@25243bc1'
2026-04-09T10:52:14.228+05:30 DEBUG 29200 --- [url-shortener-sb] [           main] o.s.b.f.s.DefaultListableBeanFactory     : Autowiring by type from bean name 'jsonMixinModule' via factory method to bean named 'org.springframework.web.context.support.GenericWebApplicationContext@25243bc1'
2026-04-09T10:52:14.228+05:30 DEBUG 29200 --- [url-shortener-sb] [           main] o.s.b.f.s.DefaultListableBeanFactory     : Autowiring by type from bean name 'jsonMixinModule' via factory method to bean named 'jsonMixinModuleEntries'
2026-04-09T10:52:14.230+05:30 DEBUG 29200 --- [url-shortener-sb] [           main] o.s.b.f.s.DefaultListableBeanFactory     : Creating shared instance of singleton bean 'jsonComponentModule'
2026-04-09T10:52:14.230+05:30 DEBUG 29200 --- [url-shortener-sb] [           main] o.s.b.f.s.DefaultListableBeanFactory     : Creating shared instance of singleton bean 'org.springframework.boot.autoconfigure.jackson.JacksonAutoConfiguration'
2026-04-09T10:52:14.233+05:30 DEBUG 29200 --- [url-shortener-sb] [           main] o.s.b.f.s.DefaultListableBeanFactory     : Creating shared instance of singleton bean 'jacksonGeoModule'
2026-04-09T10:52:14.234+05:30 DEBUG 29200 --- [url-shortener-sb] [           main] o.s.b.f.s.DefaultListableBeanFactory     : Creating shared instance of singleton bean 'org.springframework.data.web.config.SpringDataJacksonConfiguration'
2026-04-09T10:52:14.234+05:30 DEBUG 29200 --- [url-shortener-sb] [           main] o.s.b.f.s.DefaultListableBeanFactory     : Creating shared instance of singleton bean 'springDataWebSettings'
2026-04-09T10:52:14.234+05:30 DEBUG 29200 --- [url-shortener-sb] [           main] o.s.b.f.s.DefaultListableBeanFactory     : Creating shared instance of singleton bean 'org.springframework.boot.autoconfigure.data.web.SpringDataWebAutoConfiguration'
2026-04-09T10:52:14.235+05:30 DEBUG 29200 --- [url-shortener-sb] [           main] o.s.b.f.s.DefaultListableBeanFactory     : Creating shared instance of singleton bean 'spring.data.web-org.springframework.boot.autoconfigure.data.web.SpringDataWebProperties'
2026-04-09T10:52:14.236+05:30 DEBUG 29200 --- [url-shortener-sb] [           main] o.s.b.f.s.DefaultListableBeanFactory     : Autowiring by type from bean name 'org.springframework.boot.autoconfigure.data.web.SpringDataWebAutoConfiguration' via constructor to bean named 'spring.data.web-org.springframework.boot.autoconfigure.data.web.SpringDataWebProperties'
2026-04-09T10:52:14.242+05:30 DEBUG 29200 --- [url-shortener-sb] [           main] o.s.b.f.s.DefaultListableBeanFactory     : Creating shared instance of singleton bean 'pageModule'
2026-04-09T10:52:14.244+05:30 DEBUG 29200 --- [url-shortener-sb] [           main] o.s.b.f.s.DefaultListableBeanFactory     : Autowiring by type from bean name 'jacksonObjectMapperBuilder' via factory method to bean named 'org.springframework.web.context.support.GenericWebApplicationContext@25243bc1'
2026-04-09T10:52:14.244+05:30 DEBUG 29200 --- [url-shortener-sb] [           main] o.s.b.f.s.DefaultListableBeanFactory     : Autowiring by type from bean name 'jacksonObjectMapperBuilder' via factory method to bean named 'standardJacksonObjectMapperBuilderCustomizer'
2026-04-09T10:52:14.248+05:30 DEBUG 29200 --- [url-shortener-sb] [           main] o.s.b.f.s.DefaultListableBeanFactory     : Autowiring by type from bean name 'jacksonObjectMapper' via factory method to bean named 'jacksonObjectMapperBuilder'
2026-04-09T10:52:14.261+05:30 DEBUG 29200 --- [url-shortener-sb] [           main] o.s.b.f.s.DefaultListableBeanFactory     : Autowiring by type from bean name 'mappingJackson2HttpMessageConverter' via factory method to bean named 'jacksonObjectMapper'
2026-04-09T10:52:14.296+05:30 TRACE 29200 --- [url-shortener-sb] [           main] o.s.w.s.f.support.RouterFunctionMapping  : 0 RouterFunction(s) in 'routerFunctionMapping'
2026-04-09T10:52:14.298+05:30 DEBUG 29200 --- [url-shortener-sb] [           main] o.s.b.f.s.DefaultListableBeanFactory     : Creating shared instance of singleton bean 'resourceHandlerMapping'
2026-04-09T10:52:14.298+05:30 DEBUG 29200 --- [url-shortener-sb] [           main] o.s.b.f.s.DefaultListableBeanFactory     : Autowiring by type from bean name 'resourceHandlerMapping' via factory method to bean named 'mvcContentNegotiationManager'
2026-04-09T10:52:14.298+05:30 DEBUG 29200 --- [url-shortener-sb] [           main] o.s.b.f.s.DefaultListableBeanFactory     : Autowiring by type from bean name 'resourceHandlerMapping' via factory method to bean named 'mvcConversionService'
2026-04-09T10:52:14.298+05:30 DEBUG 29200 --- [url-shortener-sb] [           main] o.s.b.f.s.DefaultListableBeanFactory     : Autowiring by type from bean name 'resourceHandlerMapping' via factory method to bean named 'mvcResourceUrlProvider'
2026-04-09T10:52:14.309+05:30 TRACE 29200 --- [url-shortener-sb] [           main] o.s.w.s.handler.SimpleUrlHandlerMapping  : Mapped [/webjars/**] onto ResourceHttpRequestHandler [classpath [META-INF/resources/webjars/]]
2026-04-09T10:52:14.310+05:30 TRACE 29200 --- [url-shortener-sb] [           main] o.s.w.s.handler.SimpleUrlHandlerMapping  : Mapped [/**] onto ResourceHttpRequestHandler [classpath [META-INF/resources/], classpath [resources/], classpath [static/], classpath [public/], ServletContext [/]]
2026-04-09T10:52:14.310+05:30 DEBUG 29200 --- [url-shortener-sb] [           main] o.s.w.s.handler.SimpleUrlHandlerMapping  : Patterns [/webjars/**, /**] in 'resourceHandlerMapping'
2026-04-09T10:52:14.312+05:30 DEBUG 29200 --- [url-shortener-sb] [           main] o.s.b.f.s.DefaultListableBeanFactory     : Creating shared instance of singleton bean 'defaultServletHandlerMapping'
2026-04-09T10:52:14.319+05:30 DEBUG 29200 --- [url-shortener-sb] [           main] o.s.b.f.s.DefaultListableBeanFactory     : Creating shared instance of singleton bean 'filterChain'
2026-04-09T10:52:14.320+05:30 DEBUG 29200 --- [url-shortener-sb] [           main] o.s.b.f.s.DefaultListableBeanFactory     : Autowiring by type from bean name 'filterChain' via factory method to bean named 'org.springframework.security.config.annotation.web.configuration.HttpSecurityConfiguration.httpSecurity'
2026-04-09T10:52:14.325+05:30 DEBUG 29200 --- [url-shortener-sb] [           main] o.s.b.f.s.DefaultListableBeanFactory     : Creating shared instance of singleton bean 'webAuthorizationManagerPostProcessor'
2026-04-09T10:52:14.334+05:30 DEBUG 29200 --- [url-shortener-sb] [           main] o.s.b.f.s.DefaultListableBeanFactory     : Creating shared instance of singleton bean 'jwtAuthenticationFilter'
2026-04-09T10:52:14.350+05:30 DEBUG 29200 --- [url-shortener-sb] [           main] o.s.b.f.s.DefaultListableBeanFactory     : Creating shared instance of singleton bean 'authenticationManagerPostProcessor'
2026-04-09T10:52:14.389+05:30 DEBUG 29200 --- [url-shortener-sb] [           main] o.s.s.web.DefaultSecurityFilterChain     : Will secure any request with filters: DisableEncodeUrlFilter, WebAsyncManagerIntegrationFilter, SecurityContextHolderFilter, HeaderWriterFilter, LogoutFilter, JwtAuthenticationFilter, RequestCacheAwareFilter, SecurityContextHolderAwareRequestFilter, AnonymousAuthenticationFilter, ExceptionTranslationFilter, AuthorizationFilter
2026-04-09T10:52:14.390+05:30 DEBUG 29200 --- [url-shortener-sb] [           main] o.s.b.f.s.DefaultListableBeanFactory     : Creating shared instance of singleton bean 'delegatingApplicationListener'
2026-04-09T10:52:14.392+05:30 DEBUG 29200 --- [url-shortener-sb] [           main] o.s.b.f.s.DefaultListableBeanFactory     : Creating shared instance of singleton bean 'springSecurityFilterChain'
2026-04-09T10:52:14.413+05:30 DEBUG 29200 --- [url-shortener-sb] [           main] o.s.b.f.s.DefaultListableBeanFactory     : Creating shared instance of singleton bean 'webSecurityExpressionHandler'
2026-04-09T10:52:14.414+05:30 DEBUG 29200 --- [url-shortener-sb] [           main] o.s.b.f.s.DefaultListableBeanFactory     : Creating shared instance of singleton bean 'privilegeEvaluator'
2026-04-09T10:52:14.415+05:30 DEBUG 29200 --- [url-shortener-sb] [           main] o.s.b.f.s.DefaultListableBeanFactory     : Creating shared instance of singleton bean 'requestDataValueProcessor'
2026-04-09T10:52:14.416+05:30 DEBUG 29200 --- [url-shortener-sb] [           main] o.s.b.f.s.DefaultListableBeanFactory     : Creating shared instance of singleton bean 'org.springframework.security.config.annotation.web.configuration.ObservationConfiguration'
2026-04-09T10:52:14.417+05:30 DEBUG 29200 --- [url-shortener-sb] [           main] o.s.b.f.s.DefaultListableBeanFactory     : Creating shared instance of singleton bean '_prePostMethodSecurityConfiguration'
2026-04-09T10:52:14.418+05:30 DEBUG 29200 --- [url-shortener-sb] [           main] o.s.b.f.s.DefaultListableBeanFactory     : Creating shared instance of singleton bean 'methodAuthorizationManagerPostProcessor'
2026-04-09T10:52:14.419+05:30 DEBUG 29200 --- [url-shortener-sb] [           main] o.s.b.f.s.DefaultListableBeanFactory     : Creating shared instance of singleton bean 'methodResultAuthorizationManagerPostProcessor'
2026-04-09T10:52:14.425+05:30 DEBUG 29200 --- [url-shortener-sb] [           main] o.s.b.f.s.DefaultListableBeanFactory     : Creating shared instance of singleton bean 'prePostAuthorizeExpressionHintsRegistrar'
2026-04-09T10:52:14.427+05:30 DEBUG 29200 --- [url-shortener-sb] [           main] o.s.b.f.s.DefaultListableBeanFactory     : Creating shared instance of singleton bean 'org.springframework.security.config.annotation.method.configuration.AuthorizationProxyConfiguration'
2026-04-09T10:52:14.428+05:30 DEBUG 29200 --- [url-shortener-sb] [           main] o.s.b.f.s.DefaultListableBeanFactory     : Creating shared instance of singleton bean 'authorizeReturnObjectHintsRegistrar'
2026-04-09T10:52:14.429+05:30 DEBUG 29200 --- [url-shortener-sb] [           main] o.s.b.f.s.DefaultListableBeanFactory     : Autowiring by type from bean name 'authorizeReturnObjectHintsRegistrar' via factory method to bean named 'authorizationProxyFactory'
2026-04-09T10:52:14.431+05:30 DEBUG 29200 --- [url-shortener-sb] [           main] o.s.b.f.s.DefaultListableBeanFactory     : Creating shared instance of singleton bean 'org.springframework.security.config.annotation.method.configuration.MethodObservationConfiguration'
2026-04-09T10:52:14.432+05:30 DEBUG 29200 --- [url-shortener-sb] [           main] o.s.b.f.s.DefaultListableBeanFactory     : Creating shared instance of singleton bean 'org.springframework.boot.autoconfigure.context.PropertyPlaceholderAutoConfiguration'
2026-04-09T10:52:14.434+05:30 DEBUG 29200 --- [url-shortener-sb] [           main] o.s.b.f.s.DefaultListableBeanFactory     : Creating shared instance of singleton bean 'org.springframework.boot.autoconfigure.ssl.SslAutoConfiguration'
2026-04-09T10:52:14.435+05:30 DEBUG 29200 --- [url-shortener-sb] [           main] o.s.b.f.s.DefaultListableBeanFactory     : Creating shared instance of singleton bean 'spring.ssl-org.springframework.boot.autoconfigure.ssl.SslProperties'
[...]

   RedisCacheConfiguration:
      Did not match:
         - @ConditionalOnClass did not find required class 'org.springframework.data.redis.connection.RedisConnectionFactory' (OnClassCondition)

   RedisReactiveAutoConfiguration:
      Did not match:
         - @ConditionalOnClass did not find required class 'reactor.core.publisher.Flux' (OnClassCondition)

   RedisRepositoriesAutoConfiguration:
      Did not match:
         - @ConditionalOnClass did not find required class 'org.springframework.data.redis.repository.configuration.EnableRedisRepositories' (OnClassCondition)

   RepositoryRestMvcAutoConfiguration:
      Did not match:
         - @ConditionalOnClass did not find required class 'org.springframework.data.rest.webmvc.config.RepositoryRestMvcConfiguration' (OnClassCondition)

   Saml2RelyingPartyAutoConfiguration:
      Did not match:
         - @ConditionalOnClass did not find required class 'org.springframework.security.saml2.provider.service.registration.RelyingPartyRegistrationRepository' (OnClassCondition)

   SecurityDataConfiguration:
      Did not match:
         - @ConditionalOnClass did not find required class 'org.springframework.security.data.repository.query.SecurityEvaluationContextExtension' (OnClassCondition)

   SendGridAutoConfiguration:
      Did not match:
         - @ConditionalOnClass did not find required class 'com.sendgrid.SendGrid' (OnClassCondition)

   ServletWebServerFactoryAutoConfiguration.ForwardedHeaderFilterConfiguration:
      Did not match:
         - @ConditionalOnProperty (server.forward-headers-strategy=framework) did not find property 'server.forward-headers-strategy' (OnPropertyCondition)

   ServletWebServerFactoryConfiguration.EmbeddedJetty:
      Did not match:
         - @ConditionalOnClass did not find required classes 'org.eclipse.jetty.server.Server', 'org.eclipse.jetty.util.Loader', 'org.eclipse.jetty.ee10.webapp.WebAppContext' (OnClassCondition)

   ServletWebServerFactoryConfiguration.EmbeddedUndertow:
      Did not match:
         - @ConditionalOnClass did not find required classes 'io.undertow.Undertow', 'org.xnio.SslClientAuthMode' (OnClassCondition)

   SessionAutoConfiguration:
      Did not match:
         - @ConditionalOnClass did not find required class 'org.springframework.session.Session' (OnClassCondition)

   SpringApplicationAdminJmxAutoConfiguration:
      Did not match:
         - @ConditionalOnProperty (spring.application.admin.enabled=true) did not find property 'enabled' (OnPropertyCondition)

   SpringBootWebSecurityConfiguration.SecurityFilterChainConfiguration:
      Did not match:
         - AllNestedConditions 1 matched 1 did not; NestedCondition on DefaultWebSecurityCondition.Beans @ConditionalOnMissingBean (types: org.springframework.security.web.SecurityFilterChain; SearchStrategy: all) found beans of type 'org.springframework.security.web.SecurityFilterChain' filterChain; NestedCondition on DefaultWebSecurityCondition.Classes @ConditionalOnClass found required classes 'org.springframework.security.web.SecurityFilterChain', 'org.springframework.security.config.annotation.web.builders.HttpSecurity' (DefaultWebSecurityCondition)

   SpringBootWebSecurityConfiguration.WebSecurityEnablerConfiguration:
      Did not match:
         - @ConditionalOnMissingBean (names: springSecurityFilterChain; SearchStrategy: all) found beans named springSecurityFilterChain (OnBeanCondition)
      Matched:
         - @ConditionalOnClass found required class 'org.springframework.security.config.annotation.web.configuration.EnableWebSecurity' (OnClassCondition)

   TaskExecutorConfigurations.SimpleAsyncTaskExecutorBuilderConfiguration#simpleAsyncTaskExecutorBuilderVirtualThreads:
      Did not match:
         - @ConditionalOnMissingBean (types: org.springframework.boot.task.SimpleAsyncTaskExecutorBuilder; SearchStrategy: all) found beans of type 'org.springframework.boot.task.SimpleAsyncTaskExecutorBuilder' simpleAsyncTaskExecutorBuilder (OnBeanCondition)

   TaskExecutorConfigurations.TaskExecutorConfiguration#applicationTaskExecutorVirtualThreads:
      Did not match:
         - @ConditionalOnThreading did not find VIRTUAL (OnThreadingCondition)

   TaskSchedulingAutoConfiguration#scheduledBeanLazyInitializationExcludeFilter:
      Did not match:
         - @ConditionalOnBean (names: org.springframework.context.annotation.internalScheduledAnnotationProcessor; SearchStrategy: all) did not find any beans named org.springframework.context.annotation.internalScheduledAnnotationProcessor (OnBeanCondition)

   TaskSchedulingConfigurations.SimpleAsyncTaskSchedulerBuilderConfiguration#simpleAsyncTaskSchedulerBuilderVirtualThreads:
      Did not match:
         - @ConditionalOnMissingBean (types: org.springframework.boot.task.SimpleAsyncTaskSchedulerBuilder; SearchStrategy: all) found beans of type 'org.springframework.boot.task.SimpleAsyncTaskSchedulerBuilder' simpleAsyncTaskSchedulerBuilder (OnBeanCondition)

   TaskSchedulingConfigurations.TaskSchedulerConfiguration:
      Did not match:
         - @ConditionalOnBean (names: org.springframework.context.annotation.internalScheduledAnnotationProcessor; SearchStrategy: all) did not find any beans named org.springframework.context.annotation.internalScheduledAnnotationProcessor (OnBeanCondition)

   ThymeleafAutoConfiguration:
      Did not match:
         - @ConditionalOnClass did not find required class 'org.thymeleaf.spring6.SpringTemplateEngine' (OnClassCondition)

   TransactionAutoConfiguration#transactionalOperator:
      Did not match:
         - @ConditionalOnSingleCandidate (types: org.springframework.transaction.ReactiveTransactionManager; SearchStrategy: all) did not find any beans (OnBeanCondition)

   TransactionAutoConfiguration.AspectJTransactionManagementConfiguration:
      Did not match:
         - @ConditionalOnBean (types: org.springframework.transaction.aspectj.AbstractTransactionAspect; SearchStrategy: all) did not find any beans of type org.springframework.transaction.aspectj.AbstractTransactionAspect (OnBeanCondition)

   TransactionAutoConfiguration.EnableTransactionManagementConfiguration.JdkDynamicAutoProxyConfiguration:
      Did not match:
         - @ConditionalOnProperty (spring.aop.proxy-target-class=false) did not find property 'proxy-target-class' (OnPropertyCondition)

   UserDetailsServiceAutoConfiguration:
      Did not match:
         - @ConditionalOnMissingBean (types: org.springframework.security.authentication.AuthenticationManager,org.springframework.security.authentication.AuthenticationProvider,org.springframework.security.core.userdetails.UserDetailsService,org.springframework.security.authentication.AuthenticationManagerResolver,org.springframework.security.oauth2.jwt.JwtDecoder; SearchStrategy: all) found beans of type 'org.springframework.security.authentication.AuthenticationManager' authenticationManager and found beans of type 'org.springframework.security.core.userdetails.UserDetailsService' userDetailsServiceImpl and found beans of type 'org.springframework.security.authentication.AuthenticationProvider' authenticationProvider (OnBeanCondition)
      Matched:
         - @ConditionalOnClass found required class 'org.springframework.security.authentication.AuthenticationManager' (OnClassCondition)
         - AnyNestedCondition 1 matched 2 did not; NestedCondition on UserDetailsServiceAutoConfiguration.MissingAlternativeOrUserPropertiesConfigured.PasswordConfigured @ConditionalOnProperty (spring.security.user.password) did not find property 'password'; NestedCondition on UserDetailsServiceAutoConfiguration.MissingAlternativeOrUserPropertiesConfigured.NameConfigured @ConditionalOnProperty (spring.security.user.name) did not find property 'name'; NestedCondition on UserDetailsServiceAutoConfiguration.MissingAlternativeOrUserPropertiesConfigured.MissingAlternative @ConditionalOnMissingClass did not find unwanted classes 'org.springframework.security.oauth2.client.registration.ClientRegistrationRepository', 'org.springframework.security.oauth2.server.resource.introspection.OpaqueTokenIntrospector', 'org.springframework.security.saml2.provider.service.registration.RelyingPartyRegistrationRepository' (UserDetailsServiceAutoConfiguration.MissingAlternativeOrUserPropertiesConfigured)

   ValidationAutoConfiguration:
      Did not match:
         - @ConditionalOnClass did not find required class 'jakarta.validation.executable.ExecutableValidator' (OnClassCondition)

   WebClientAutoConfiguration:
      Did not match:
         - @ConditionalOnClass did not find required class 'org.springframework.web.reactive.function.client.WebClient' (OnClassCondition)

   WebFluxAutoConfiguration:
      Did not match:
         - @ConditionalOnClass did not find required class 'org.springframework.web.reactive.config.WebFluxConfigurer' (OnClassCondition)

   WebMvcAutoConfiguration#hiddenHttpMethodFilter:
      Did not match:
         - @ConditionalOnProperty (spring.mvc.hiddenmethod.filter.enabled) did not find property 'enabled' (OnPropertyCondition)

   WebMvcAutoConfiguration.ProblemDetailsErrorHandlingConfiguration:
      Did not match:
         - @ConditionalOnProperty (spring.mvc.problemdetails.enabled=true) did not find property 'enabled' (OnPropertyCondition)

   WebMvcAutoConfiguration.ResourceChainCustomizerConfiguration:
      Did not match:
         - @ConditionalOnEnabledResourceChain did not find class org.webjars.WebJarVersionLocator (OnEnabledResourceChainCondition)

   WebMvcAutoConfiguration.WebMvcAutoConfigurationAdapter#beanNameViewResolver:
      Did not match:
         - @ConditionalOnMissingBean (types: org.springframework.web.servlet.view.BeanNameViewResolver; SearchStrategy: all) found beans of type 'org.springframework.web.servlet.view.BeanNameViewResolver' beanNameViewResolver (OnBeanCondition)

   WebServiceTemplateAutoConfiguration:
      Did not match:
         - @ConditionalOnClass did not find required class 'org.springframework.oxm.Marshaller' (OnClassCondition)

   WebServicesAutoConfiguration:
      Did not match:
         - @ConditionalOnClass did not find required class 'org.springframework.ws.transport.http.MessageDispatcherServlet' (OnClassCondition)

   WebSessionIdResolverAutoConfiguration:
      Did not match:
         - @ConditionalOnClass did not find required class 'reactor.core.publisher.Mono' (OnClassCondition)

   WebSocketMessagingAutoConfiguration:
      Did not match:
         - @ConditionalOnClass did not find required class 'org.springframework.web.socket.config.annotation.WebSocketMessageBrokerConfigurer' (OnClassCondition)

   WebSocketReactiveAutoConfiguration:
      Did not match:
         - @ConditionalOnWebApplication did not find reactive web application classes (OnWebApplicationCondition)

   WebSocketServletAutoConfiguration.JettyWebSocketConfiguration:
      Did not match:
         - @ConditionalOnClass did not find required class 'org.eclipse.jetty.ee10.websocket.jakarta.server.config.JakartaWebSocketServletContainerInitializer' (OnClassCondition)

   WebSocketServletAutoConfiguration.UndertowWebSocketConfiguration:
      Did not match:
         - @ConditionalOnClass did not find required class 'io.undertow.websockets.jsr.Bootstrap' (OnClassCondition)

   XADataSourceAutoConfiguration:
      Did not match:
         - @ConditionalOnBean (types: org.springframework.boot.jdbc.XADataSourceWrapper; SearchStrategy: all) did not find any beans of type org.springframework.boot.jdbc.XADataSourceWrapper (OnBeanCondition)
      Matched:
         - @ConditionalOnClass found required classes 'javax.sql.DataSource', 'jakarta.transaction.TransactionManager', 'org.springframework.jdbc.datasource.embedded.EmbeddedDatabaseType' (OnClassCondition)


Exclusions:
-----------

    None


Unconditional classes:
----------------------

    org.springframework.boot.autoconfigure.context.ConfigurationPropertiesAutoConfiguration

    org.springframework.boot.autoconfigure.ssl.SslAutoConfiguration

    org.springframework.boot.autoconfigure.context.LifecycleAutoConfiguration

    org.springframework.boot.autoconfigure.context.PropertyPlaceholderAutoConfiguration

    org.springframework.boot.autoconfigure.availability.ApplicationAvailabilityAutoConfiguration

    org.springframework.boot.autoconfigure.info.ProjectInfoAutoConfiguration



2026-04-09T10:52:14.806+05:30  INFO 29200 --- [url-shortener-sb] [           main] c.u.s.UrlShortenerSbApplicationTests     : Started UrlShortenerSbApplicationTests in 14.974 seconds (process running for 15.839)
2026-04-09T10:52:14.809+05:30 DEBUG 29200 --- [url-shortener-sb] [           main] o.s.b.a.ApplicationAvailabilityBean      : Application availability state LivenessState changed to CORRECT
2026-04-09T10:52:14.814+05:30 DEBUG 29200 --- [url-shortener-sb] [           main] o.s.b.a.ApplicationAvailabilityBean      : Application availability state ReadinessState changed to ACCEPTING_TRAFFIC
2026-04-09T10:52:14.818+05:30 DEBUG 29200 --- [url-shortener-sb] [           main] org.springframework.test.context.cache   : Spring test ApplicationContext cache statistics: [DefaultContextCache@1d12eff1 size = 1, maxSize = 32, parentContextCount = 0, hitCount = 0, missCount = 1, failureCount = 0]
2026-04-09T10:52:14.819+05:30 DEBUG 29200 --- [url-shortener-sb] [           main] o.s.t.c.w.ServletTestExecutionListener   : Setting up MockHttpServletRequest, MockHttpServletResponse, ServletWebRequest, and RequestContextHolder for test class com.url.shortener.UrlShortenerSbApplicationTests
2026-04-09T10:52:14.840+05:30 DEBUG 29200 --- [url-shortener-sb] [           main] DependencyInjectionTestExecutionListener : Performing dependency injection for test class com.url.shortener.UrlShortenerSbApplicationTests
2026-04-09T10:52:14.840+05:30 DEBUG 29200 --- [url-shortener-sb] [           main] org.springframework.test.context.cache   : Spring test ApplicationContext cache statistics: [DefaultContextCache@1d12eff1 size = 1, maxSize = 32, parentContextCount = 0, hitCount = 1, missCount = 1, failureCount = 0]
2026-04-09T10:52:14.842+05:30 DEBUG 29200 --- [url-shortener-sb] [           main] org.springframework.test.context.cache   : Spring test ApplicationContext cache statistics: [DefaultContextCache@1d12eff1 size = 1, maxSize = 32, parentContextCount = 0, hitCount = 2, missCount = 1, failureCount = 0]
2026-04-09T10:52:14.851+05:30 DEBUG 29200 --- [url-shortener-sb] [           main] sContextBeforeModesTestExecutionListener : Before test method: class [UrlShortenerSbApplicationTests], method [contextLoads], class annotated with @DirtiesContext [false] with mode [null], method annotated with @DirtiesContext [false] with mode [null]
2026-04-09T10:52:14.852+05:30 DEBUG 29200 --- [url-shortener-sb] [           main] org.springframework.test.context.cache   : Spring test ApplicationContext cache statistics: [DefaultContextCache@1d12eff1 size = 1, maxSize = 32, parentContextCount = 0, hitCount = 3, missCount = 1, failureCount = 0]
2026-04-09T10:52:14.853+05:30 DEBUG 29200 --- [url-shortener-sb] [           main] org.springframework.test.context.cache   : Spring test ApplicationContext cache statistics: [DefaultContextCache@1d12eff1 size = 1, maxSize = 32, parentContextCount = 0, hitCount = 4, missCount = 1, failureCount = 0]
2026-04-09T10:52:15.249+05:30 DEBUG 29200 --- [url-shortener-sb] [           main] org.springframework.test.context.cache   : Spring test ApplicationContext cache statistics: [DefaultContextCache@1d12eff1 size = 1, maxSize = 32, parentContextCount = 0, hitCount = 5, missCount = 1, failureCount = 0]
2026-04-09T10:52:15.253+05:30 DEBUG 29200 --- [url-shortener-sb] [           main] org.springframework.test.context.cache   : Spring test ApplicationContext cache statistics: [DefaultContextCache@1d12eff1 size = 1, maxSize = 32, parentContextCount = 0, hitCount = 6, missCount = 1, failureCount = 0]
2026-04-09T10:52:15.257+05:30 DEBUG 29200 --- [url-shortener-sb] [           main] org.springframework.test.context.cache   : Spring test ApplicationContext cache statistics: [DefaultContextCache@1d12eff1 size = 1, maxSize = 32, parentContextCount = 0, hitCount = 7, missCount = 1, failureCount = 0]
2026-04-09T10:52:15.258+05:30 DEBUG 29200 --- [url-shortener-sb] [           main] org.springframework.test.context.cache   : Spring test ApplicationContext cache statistics: [DefaultContextCache@1d12eff1 size = 1, maxSize = 32, parentContextCount = 0, hitCount = 8, missCount = 1, failureCount = 0]
2026-04-09T10:52:15.259+05:30 DEBUG 29200 --- [url-shortener-sb] [           main] org.springframework.test.context.cache   : Spring test ApplicationContext cache statistics: [DefaultContextCache@1d12eff1 size = 1, maxSize = 32, parentContextCount = 0, hitCount = 9, missCount = 1, failureCount = 0]
2026-04-09T10:52:15.259+05:30 DEBUG 29200 --- [url-shortener-sb] [           main] org.springframework.test.context.cache   : Spring test ApplicationContext cache statistics: [DefaultContextCache@1d12eff1 size = 1, maxSize = 32, parentContextCount = 0, hitCount = 10, missCount = 1, failureCount = 0]
2026-04-09T10:52:15.260+05:30 DEBUG 29200 --- [url-shortener-sb] [           main] org.springframework.test.context.cache   : Spring test ApplicationContext cache statistics: [DefaultContextCache@1d12eff1 size = 1, maxSize = 32, parentContextCount = 0, hitCount = 11, missCount = 1, failureCount = 0]
2026-04-09T10:52:15.260+05:30 DEBUG 29200 --- [url-shortener-sb] [           main] org.springframework.test.context.cache   : Spring test ApplicationContext cache statistics: [DefaultContextCache@1d12eff1 size = 1, maxSize = 32, parentContextCount = 0, hitCount = 12, missCount = 1, failureCount = 0]
2026-04-09T10:52:15.261+05:30 DEBUG 29200 --- [url-shortener-sb] [           main] org.springframework.test.context.cache   : Spring test ApplicationContext cache statistics: [DefaultContextCache@1d12eff1 size = 1, maxSize = 32, parentContextCount = 0, hitCount = 13, missCount = 1, failureCount = 0]
2026-04-09T10:52:15.262+05:30 DEBUG 29200 --- [url-shortener-sb] [           main] org.springframework.test.context.cache   : Spring test ApplicationContext cache statistics: [DefaultContextCache@1d12eff1 size = 1, maxSize = 32, parentContextCount = 0, hitCount = 14, missCount = 1, failureCount = 0]
2026-04-09T10:52:15.262+05:30 DEBUG 29200 --- [url-shortener-sb] [           main] .c.s.DirtiesContextTestExecutionListener : After test method: class [UrlShortenerSbApplicationTests], method [contextLoads], class annotated with @DirtiesContext [false] with mode [null], method annotated with @DirtiesContext [false] with mode [null]
2026-04-09T10:52:15.262+05:30 DEBUG 29200 --- [url-shortener-sb] [           main] o.s.t.c.w.ServletTestExecutionListener   : Resetting RequestContextHolder for test class com.url.shortener.UrlShortenerSbApplicationTests
]]></system-out>
    <system-err><![CDATA[Mockito is currently self-attaching to enable the inline-mock-maker. This will no longer work in future releases of the JDK. Please add Mockito as an agent to your build what is described in Mockito's documentation: https://javadoc.io/doc/org.mockito/mockito-core/latest/org/mockito/Mockito.html#0.3
WARNING: A Java agent has been loaded dynamically (C:\Users\Parth\.m2\repository\net\bytebuddy\byte-buddy-agent\1.15.10\byte-buddy-agent-1.15.10.jar)
WARNING: If a serviceability tool is in use, please run with -XX:+EnableDynamicAgentLoading to hide this warning
WARNING: If a serviceability tool is not in use, please run with -Djdk.instrument.traceUsage for more information
WARNING: Dynamic loading of agents will be disallowed by default in a future release
]]></system-err>
  </testcase>
</testsuite>